# Logfile created on 2025-09-09 17:34:39 +0200 by logger.rb/v1.6.0
2025-09-09 17:34:39 +0200: Memory Usage (421340K) : Starting running IHP-SG13G2 Klayout DRC runset on /home/herman/github/KrzysztofHerman/designs/Open-Padrings/24/final/gds/FMD_QNC_Padframe24.gds
2025-09-09 17:34:39 +0200: Memory Usage (421340K) : Ruby Version for klayout: 3.3.8
2025-09-09 17:34:39 +0200: Memory Usage (443100K) : Loading database to memory is complete.
2025-09-09 17:34:39 +0200: Memory Usage (443100K) : IHP-SG13G2 Klayout DRC runset output at: /home/herman/github/KrzysztofHerman/designs/Open-Padrings/24/drc_run_FMD_QNC_Padframe24/FMD_QNC_Padframe24_FMD_QNC_Padframe24_main.lyrdb
2025-09-09 17:34:39 +0200: Memory Usage (443356K) : Evaluate switches.
2025-09-09 17:34:39 +0200: Memory Usage (443356K) : table_name selected  main
2025-09-09 17:34:39 +0200: Memory Usage (443356K) : Klayout will use 1 thread(s)
2025-09-09 17:34:39 +0200: Memory Usage (443356K) : deep mode is enabled for main table.
2025-09-09 17:34:39 +0200: Memory Usage (443356K) : FEOL enabled: true
2025-09-09 17:34:39 +0200: Memory Usage (443356K) : BEOL enabled: true
2025-09-09 17:34:39 +0200: Memory Usage (443356K) : OffGrid enabled: true
2025-09-09 17:34:39 +0200: Memory Usage (443356K) : PreCheck DRC enabled: false
2025-09-09 17:34:39 +0200: Memory Usage (443356K) : CONNECTIVITY_RULES enabled: true for table main
2025-09-09 17:34:39 +0200: Memory Usage (443356K) : Read in polygons from layers.
2025-09-09 17:34:39 +0200: Memory Usage (445148K) : activ_drw has 52510 polygons
2025-09-09 17:34:39 +0200: Memory Usage (445148K) : activ_pin has 0 polygons
2025-09-09 17:34:39 +0200: Memory Usage (445148K) : activ_mask has 0 polygons
2025-09-09 17:34:39 +0200: Memory Usage (445148K) : activ_filler has 0 polygons
2025-09-09 17:34:39 +0200: Memory Usage (445148K) : activ_nofill has 0 polygons
2025-09-09 17:34:39 +0200: Memory Usage (445148K) : activ_opc has 0 polygons
2025-09-09 17:34:39 +0200: Memory Usage (445404K) : activ_iopc has 0 polygons
2025-09-09 17:34:39 +0200: Memory Usage (445404K) : activ_noqrc has 0 polygons
2025-09-09 17:34:39 +0200: Memory Usage (445404K) : biwind_drw has 0 polygons
2025-09-09 17:34:39 +0200: Memory Usage (445404K) : biwind_opc has 0 polygons
2025-09-09 17:34:39 +0200: Memory Usage (445404K) : pemwind_drw has 0 polygons
2025-09-09 17:34:39 +0200: Memory Usage (445660K) : gatpoly_drw has 39110 polygons
2025-09-09 17:34:39 +0200: Memory Usage (445660K) : gatpoly_pin has 0 polygons
2025-09-09 17:34:39 +0200: Memory Usage (445660K) : gatpoly_filler has 0 polygons
2025-09-09 17:34:39 +0200: Memory Usage (445660K) : gatpoly_nofill has 0 polygons
2025-09-09 17:34:39 +0200: Memory Usage (445660K) : gatpoly_opc has 0 polygons
2025-09-09 17:34:39 +0200: Memory Usage (445660K) : gatpoly_iopc has 0 polygons
2025-09-09 17:34:39 +0200: Memory Usage (445660K) : gatpoly_noqrc has 0 polygons
2025-09-09 17:34:39 +0200: Memory Usage (457436K) : cont_drw has 2468391 polygons
2025-09-09 17:34:39 +0200: Memory Usage (457436K) : cont_opc has 0 polygons
2025-09-09 17:34:39 +0200: Memory Usage (457436K) : nsd_drw has 0 polygons
2025-09-09 17:34:39 +0200: Memory Usage (457436K) : nsd_block has 0 polygons
2025-09-09 17:34:39 +0200: Memory Usage (457436K) : metal1_drw has 43281 polygons
2025-09-09 17:34:39 +0200: Memory Usage (457436K) : metal1_pin has 26156 polygons
2025-09-09 17:34:39 +0200: Memory Usage (457436K) : metal1_mask has 0 polygons
2025-09-09 17:34:39 +0200: Memory Usage (457436K) : metal1_filler has 0 polygons
2025-09-09 17:34:39 +0200: Memory Usage (457436K) : metal1_nofill has 0 polygons
2025-09-09 17:34:39 +0200: Memory Usage (457436K) : metal1_slit has 0 polygons
2025-09-09 17:34:39 +0200: Memory Usage (457436K) : metal1_text has 26156 polygons
2025-09-09 17:34:39 +0200: Memory Usage (457436K) : metal1_opc has 0 polygons
2025-09-09 17:34:39 +0200: Memory Usage (457436K) : metal1_noqrc has 0 polygons
2025-09-09 17:34:39 +0200: Memory Usage (457436K) : metal1_res has 0 polygons
2025-09-09 17:34:39 +0200: Memory Usage (457436K) : metal1_iprobe has 0 polygons
2025-09-09 17:34:39 +0200: Memory Usage (457436K) : metal1_diffprb has 0 polygons
2025-09-09 17:34:39 +0200: Memory Usage (457436K) : passiv_drw has 24 polygons
2025-09-09 17:34:39 +0200: Memory Usage (457436K) : passiv_pin has 0 polygons
2025-09-09 17:34:39 +0200: Memory Usage (457436K) : passiv_sbump has 0 polygons
2025-09-09 17:34:39 +0200: Memory Usage (457436K) : passiv_pillar has 0 polygons
2025-09-09 17:34:39 +0200: Memory Usage (457436K) : passiv_pdl has 0 polygons
2025-09-09 17:34:39 +0200: Memory Usage (457436K) : metal2_drw has 2130 polygons
2025-09-09 17:34:39 +0200: Memory Usage (457436K) : metal2_pin has 404 polygons
2025-09-09 17:34:39 +0200: Memory Usage (457436K) : metal2_mask has 0 polygons
2025-09-09 17:34:39 +0200: Memory Usage (457436K) : metal2_filler has 0 polygons
2025-09-09 17:34:39 +0200: Memory Usage (457436K) : metal2_nofill has 0 polygons
2025-09-09 17:34:39 +0200: Memory Usage (457436K) : metal2_slit has 0 polygons
2025-09-09 17:34:39 +0200: Memory Usage (457436K) : metal2_text has 404 polygons
2025-09-09 17:34:39 +0200: Memory Usage (457436K) : metal2_opc has 0 polygons
2025-09-09 17:34:39 +0200: Memory Usage (457436K) : metal2_noqrc has 0 polygons
2025-09-09 17:34:39 +0200: Memory Usage (457436K) : metal2_res has 0 polygons
2025-09-09 17:34:39 +0200: Memory Usage (457436K) : metal2_iprobe has 0 polygons
2025-09-09 17:34:39 +0200: Memory Usage (457436K) : metal2_diffprb has 0 polygons
2025-09-09 17:34:39 +0200: Memory Usage (457436K) : baspoly_drw has 0 polygons
2025-09-09 17:34:39 +0200: Memory Usage (457436K) : baspoly_pin has 0 polygons
2025-09-09 17:34:39 +0200: Memory Usage (457436K) : psd_drw has 26186 polygons
2025-09-09 17:34:39 +0200: Memory Usage (457436K) : nldb_drw has 0 polygons
2025-09-09 17:34:39 +0200: Memory Usage (457436K) : digibnd_drw has 0 polygons
2025-09-09 17:34:39 +0200: Memory Usage (457436K) : via1_drw has 56568 polygons
2025-09-09 17:34:39 +0200: Memory Usage (457436K) : backmetal1_drw has 0 polygons
2025-09-09 17:34:39 +0200: Memory Usage (457436K) : backmetal1_pin has 0 polygons
2025-09-09 17:34:39 +0200: Memory Usage (457436K) : backmetal1_mask has 0 polygons
2025-09-09 17:34:39 +0200: Memory Usage (457436K) : backmetal1_filler has 0 polygons
2025-09-09 17:34:39 +0200: Memory Usage (457436K) : backmetal1_nofill has 0 polygons
2025-09-09 17:34:39 +0200: Memory Usage (457436K) : backmetal1_slit has 0 polygons
2025-09-09 17:34:39 +0200: Memory Usage (457436K) : backmetal1_text has 0 polygons
2025-09-09 17:34:39 +0200: Memory Usage (457436K) : backmetal1_opc has 0 polygons
2025-09-09 17:34:39 +0200: Memory Usage (457436K) : backmetal1_noqrc has 0 polygons
2025-09-09 17:34:39 +0200: Memory Usage (457436K) : backmetal1_res has 0 polygons
2025-09-09 17:34:39 +0200: Memory Usage (457436K) : backmetal1_iprobe has 0 polygons
2025-09-09 17:34:39 +0200: Memory Usage (457436K) : backmetal1_diffprb has 0 polygons
2025-09-09 17:34:39 +0200: Memory Usage (457436K) : backpassiv_drw has 0 polygons
2025-09-09 17:34:39 +0200: Memory Usage (457436K) : res_drw has 0 polygons
2025-09-09 17:34:39 +0200: Memory Usage (457436K) : sram_drw has 0 polygons
2025-09-09 17:34:39 +0200: Memory Usage (457436K) : trans_drw has 0 polygons
2025-09-09 17:34:39 +0200: Memory Usage (457436K) : ind_drw has 0 polygons
2025-09-09 17:34:39 +0200: Memory Usage (457436K) : ind_pin has 0 polygons
2025-09-09 17:34:39 +0200: Memory Usage (457436K) : ind_text has 0 polygons
2025-09-09 17:34:39 +0200: Memory Usage (457436K) : salblock_drw has 12 polygons
2025-09-09 17:34:39 +0200: Memory Usage (457436K) : via2_drw has 154219 polygons
2025-09-09 17:34:39 +0200: Memory Usage (457436K) : metal3_drw has 1171 polygons
2025-09-09 17:34:39 +0200: Memory Usage (457436K) : metal3_pin has 268 polygons
2025-09-09 17:34:39 +0200: Memory Usage (457436K) : metal3_mask has 0 polygons
2025-09-09 17:34:39 +0200: Memory Usage (457436K) : metal3_filler has 0 polygons
2025-09-09 17:34:39 +0200: Memory Usage (457436K) : metal3_nofill has 0 polygons
2025-09-09 17:34:39 +0200: Memory Usage (457436K) : metal3_slit has 0 polygons
2025-09-09 17:34:39 +0200: Memory Usage (457436K) : metal3_text has 268 polygons
2025-09-09 17:34:39 +0200: Memory Usage (457436K) : metal3_opc has 0 polygons
2025-09-09 17:34:39 +0200: Memory Usage (457436K) : metal3_noqrc has 0 polygons
2025-09-09 17:34:39 +0200: Memory Usage (457436K) : metal3_res has 0 polygons
2025-09-09 17:34:39 +0200: Memory Usage (457436K) : metal3_iprobe has 0 polygons
2025-09-09 17:34:39 +0200: Memory Usage (457436K) : metal3_diffprb has 0 polygons
2025-09-09 17:34:39 +0200: Memory Usage (457436K) : nwell_drw has 13312 polygons
2025-09-09 17:34:39 +0200: Memory Usage (457436K) : nwell_pin has 0 polygons
2025-09-09 17:34:39 +0200: Memory Usage (457436K) : nbulay_drw has 0 polygons
2025-09-09 17:34:39 +0200: Memory Usage (457436K) : nbulay_pin has 0 polygons
2025-09-09 17:34:39 +0200: Memory Usage (457436K) : nbulay_block has 0 polygons
2025-09-09 17:34:39 +0200: Memory Usage (457436K) : emwind_drw has 0 polygons
2025-09-09 17:34:39 +0200: Memory Usage (457436K) : emwind_opc has 0 polygons
2025-09-09 17:34:39 +0200: Memory Usage (457436K) : deepco_drw has 0 polygons
2025-09-09 17:34:39 +0200: Memory Usage (457436K) : deepco_drw has 0 polygons
2025-09-09 17:34:39 +0200: Memory Usage (457436K) : mim_drw has 0 polygons
2025-09-09 17:34:39 +0200: Memory Usage (457436K) : edgeseal_drw has 0 polygons
2025-09-09 17:34:39 +0200: Memory Usage (457436K) : edgeseal_bound has 0 polygons
2025-09-09 17:34:39 +0200: Memory Usage (457436K) : substrate_drw has 432 polygons
2025-09-09 17:34:39 +0200: Memory Usage (457436K) : substrate_text has 0 polygons
2025-09-09 17:34:39 +0200: Memory Usage (457436K) : dfpad_drw has 24 polygons
2025-09-09 17:34:39 +0200: Memory Usage (457436K) : dfpad_pillar has 0 polygons
2025-09-09 17:34:39 +0200: Memory Usage (457436K) : dfpad_sbump has 0 polygons
2025-09-09 17:34:39 +0200: Memory Usage (457436K) : thickgateox_drw has 56 polygons
2025-09-09 17:34:39 +0200: Memory Usage (457436K) : pldb_drw has 0 polygons
2025-09-09 17:34:39 +0200: Memory Usage (457436K) : pwell_drw has 0 polygons
2025-09-09 17:34:39 +0200: Memory Usage (457436K) : pwell_pin has 0 polygons
2025-09-09 17:34:39 +0200: Memory Usage (457436K) : pwell_block has 0 polygons
2025-09-09 17:34:39 +0200: Memory Usage (457436K) : ic_drw has 0 polygons
2025-09-09 17:34:39 +0200: Memory Usage (457692K) : via3_drw has 139698 polygons
2025-09-09 17:34:39 +0200: Memory Usage (457692K) : metal4_drw has 886 polygons
2025-09-09 17:34:39 +0200: Memory Usage (457692K) : metal4_pin has 248 polygons
2025-09-09 17:34:39 +0200: Memory Usage (457692K) : metal4_mask has 0 polygons
2025-09-09 17:34:39 +0200: Memory Usage (457692K) : metal4_filler has 0 polygons
2025-09-09 17:34:39 +0200: Memory Usage (457692K) : metal4_nofill has 0 polygons
2025-09-09 17:34:39 +0200: Memory Usage (457692K) : metal4_slit has 0 polygons
2025-09-09 17:34:39 +0200: Memory Usage (457948K) : metal4_text has 248 polygons
2025-09-09 17:34:39 +0200: Memory Usage (457948K) : metal4_opc has 0 polygons
2025-09-09 17:34:39 +0200: Memory Usage (457948K) : metal4_noqrc has 0 polygons
2025-09-09 17:34:39 +0200: Memory Usage (457948K) : metal4_res has 0 polygons
2025-09-09 17:34:40 +0200: Memory Usage (457948K) : metal4_iprobe has 0 polygons
2025-09-09 17:34:40 +0200: Memory Usage (457948K) : metal4_diffprb has 0 polygons
2025-09-09 17:34:40 +0200: Memory Usage (457948K) : heattrans_drw has 0 polygons
2025-09-09 17:34:40 +0200: Memory Usage (458204K) : heatres_drw has 0 polygons
2025-09-09 17:34:40 +0200: Memory Usage (458204K) : pempoly_drw has 0 polygons
2025-09-09 17:34:40 +0200: Memory Usage (458204K) : fbe_drw has 0 polygons
2025-09-09 17:34:40 +0200: Memory Usage (458204K) : empoly_drw has 0 polygons
2025-09-09 17:34:40 +0200: Memory Usage (458204K) : ldmos_drw has 0 polygons
2025-09-09 17:34:40 +0200: Memory Usage (458204K) : pbiwind_drw has 0 polygons
2025-09-09 17:34:40 +0200: Memory Usage (458460K) : digisub_drw has 0 polygons
2025-09-09 17:34:40 +0200: Memory Usage (458460K) : nodrc_drw has 0 polygons
2025-09-09 17:34:40 +0200: Memory Usage (458460K) : text_drw has 370 polygons
2025-09-09 17:34:40 +0200: Memory Usage (458972K) : via4_drw has 143658 polygons
2025-09-09 17:34:40 +0200: Memory Usage (458972K) : metal5_drw has 886 polygons
2025-09-09 17:34:40 +0200: Memory Usage (458972K) : metal5_pin has 248 polygons
2025-09-09 17:34:40 +0200: Memory Usage (458972K) : metal5_mask has 0 polygons
2025-09-09 17:34:40 +0200: Memory Usage (458972K) : metal5_filler has 0 polygons
2025-09-09 17:34:40 +0200: Memory Usage (458972K) : metal5_nofill has 0 polygons
2025-09-09 17:34:40 +0200: Memory Usage (459228K) : metal5_slit has 0 polygons
2025-09-09 17:34:40 +0200: Memory Usage (459228K) : metal5_text has 248 polygons
2025-09-09 17:34:40 +0200: Memory Usage (459228K) : metal5_opc has 0 polygons
2025-09-09 17:34:40 +0200: Memory Usage (459228K) : metal5_noqrc has 0 polygons
2025-09-09 17:34:40 +0200: Memory Usage (459228K) : metal5_res has 0 polygons
2025-09-09 17:34:40 +0200: Memory Usage (459228K) : metal5_iprobe has 0 polygons
2025-09-09 17:34:40 +0200: Memory Usage (459484K) : metal5_diffprb has 0 polygons
2025-09-09 17:34:40 +0200: Memory Usage (459484K) : radhard_drw has 0 polygons
2025-09-09 17:34:40 +0200: Memory Usage (459484K) : memcap_drw has 0 polygons
2025-09-09 17:34:40 +0200: Memory Usage (459484K) : varicap_drw has 0 polygons
2025-09-09 17:34:40 +0200: Memory Usage (459484K) : flash_drw has 0 polygons
2025-09-09 17:34:40 +0200: Memory Usage (459484K) : intbondvia_drw has 0 polygons
2025-09-09 17:34:40 +0200: Memory Usage (459740K) : intbondmet_drw has 0 polygons
2025-09-09 17:34:40 +0200: Memory Usage (459740K) : devbondvia_drw has 0 polygons
2025-09-09 17:34:40 +0200: Memory Usage (459740K) : devbondmet_drw has 0 polygons
2025-09-09 17:34:40 +0200: Memory Usage (459740K) : devtrench_drw has 0 polygons
2025-09-09 17:34:40 +0200: Memory Usage (459740K) : redist_drw has 0 polygons
2025-09-09 17:34:40 +0200: Memory Usage (459740K) : graphbot_drw has 0 polygons
2025-09-09 17:34:40 +0200: Memory Usage (459740K) : graphtop_drw has 0 polygons
2025-09-09 17:34:40 +0200: Memory Usage (459996K) : antvia1_drw has 0 polygons
2025-09-09 17:34:40 +0200: Memory Usage (459996K) : antmetal2_drw has 0 polygons
2025-09-09 17:34:40 +0200: Memory Usage (459996K) : graphcont_drw has 0 polygons
2025-09-09 17:34:40 +0200: Memory Usage (459996K) : siwg_drw has 0 polygons
2025-09-09 17:34:40 +0200: Memory Usage (459996K) : siwg_filler has 0 polygons
2025-09-09 17:34:40 +0200: Memory Usage (459996K) : siwg_nofill has 0 polygons
2025-09-09 17:34:40 +0200: Memory Usage (460252K) : sigrating_drw has 0 polygons
2025-09-09 17:34:40 +0200: Memory Usage (460252K) : singrating_drw has 0 polygons
2025-09-09 17:34:40 +0200: Memory Usage (460252K) : graphpas_drw has 0 polygons
2025-09-09 17:34:40 +0200: Memory Usage (460252K) : emwind3_drw has 0 polygons
2025-09-09 17:34:40 +0200: Memory Usage (460252K) : emwihv3_drw has 0 polygons
2025-09-09 17:34:40 +0200: Memory Usage (460252K) : redbulay_drw has 0 polygons
2025-09-09 17:34:40 +0200: Memory Usage (460508K) : smos_drw has 0 polygons
2025-09-09 17:34:40 +0200: Memory Usage (460508K) : graphpad_drw has 0 polygons
2025-09-09 17:34:40 +0200: Memory Usage (460508K) : polimide_drw has 0 polygons
2025-09-09 17:34:40 +0200: Memory Usage (460508K) : polimide_pin has 0 polygons
2025-09-09 17:34:40 +0200: Memory Usage (460508K) : recog_drw has 0 polygons
2025-09-09 17:34:40 +0200: Memory Usage (460508K) : recog_pin has 0 polygons
2025-09-09 17:34:40 +0200: Memory Usage (460764K) : recog_esd has 0 polygons
2025-09-09 17:34:40 +0200: Memory Usage (460764K) : recog_diode has 140 polygons
2025-09-09 17:34:40 +0200: Memory Usage (460764K) : recog_tsv has 0 polygons
2025-09-09 17:34:40 +0200: Memory Usage (460764K) : recog_iprobe has 0 polygons
2025-09-09 17:34:40 +0200: Memory Usage (460764K) : recog_diffprb has 0 polygons
2025-09-09 17:34:40 +0200: Memory Usage (460764K) : recog_pillar has 0 polygons
2025-09-09 17:34:40 +0200: Memory Usage (461020K) : recog_sbump has 0 polygons
2025-09-09 17:34:40 +0200: Memory Usage (461020K) : recog_otp has 0 polygons
2025-09-09 17:34:40 +0200: Memory Usage (461020K) : recog_pdiode has 0 polygons
2025-09-09 17:34:40 +0200: Memory Usage (461020K) : recog_mom has 0 polygons
2025-09-09 17:34:40 +0200: Memory Usage (461020K) : recog_pcm has 0 polygons
2025-09-09 17:34:40 +0200: Memory Usage (461020K) : colopen_drw has 0 polygons
2025-09-09 17:34:40 +0200: Memory Usage (461276K) : graphmetal1_drw has 0 polygons
2025-09-09 17:34:40 +0200: Memory Usage (461276K) : graphmetal1_filler has 0 polygons
2025-09-09 17:34:40 +0200: Memory Usage (461276K) : graphmetal1_nofill has 0 polygons
2025-09-09 17:34:40 +0200: Memory Usage (461276K) : graphmetal1_slit has 0 polygons
2025-09-09 17:34:40 +0200: Memory Usage (461276K) : graphmetal1_opc has 0 polygons
2025-09-09 17:34:40 +0200: Memory Usage (461276K) : graphmet1l_drw has 0 polygons
2025-09-09 17:34:40 +0200: Memory Usage (461276K) : graphmet1l_filler has 0 polygons
2025-09-09 17:34:40 +0200: Memory Usage (461532K) : graphmet1l_nofill has 0 polygons
2025-09-09 17:34:40 +0200: Memory Usage (461532K) : graphmet1l_slit has 0 polygons
2025-09-09 17:34:40 +0200: Memory Usage (461532K) : graphmet1l_opc has 0 polygons
2025-09-09 17:34:40 +0200: Memory Usage (461788K) : extblock_drw has 12 polygons
2025-09-09 17:34:40 +0200: Memory Usage (461788K) : nldd_drw has 0 polygons
2025-09-09 17:34:40 +0200: Memory Usage (461788K) : pldd_drw has 0 polygons
2025-09-09 17:34:40 +0200: Memory Usage (461788K) : next_drw has 0 polygons
2025-09-09 17:34:40 +0200: Memory Usage (461788K) : pext_drw has 0 polygons
2025-09-09 17:34:40 +0200: Memory Usage (461788K) : nexthv_drw has 0 polygons
2025-09-09 17:34:40 +0200: Memory Usage (461788K) : pexthv_drw has 0 polygons
2025-09-09 17:34:40 +0200: Memory Usage (461788K) : graphgate_drw has 0 polygons
2025-09-09 17:34:40 +0200: Memory Usage (461788K) : sinwg_drw has 0 polygons
2025-09-09 17:34:40 +0200: Memory Usage (462044K) : sinwg_filler has 0 polygons
2025-09-09 17:34:40 +0200: Memory Usage (462044K) : sinwg_nofill has 0 polygons
2025-09-09 17:34:40 +0200: Memory Usage (462044K) : mempad_drw has 0 polygons
2025-09-09 17:34:40 +0200: Memory Usage (462044K) : topvia1_drw has 79908 polygons
2025-09-09 17:34:40 +0200: Memory Usage (462044K) : topmetal1_drw has 303 polygons
2025-09-09 17:34:40 +0200: Memory Usage (462044K) : topmetal1_pin has 264 polygons
2025-09-09 17:34:40 +0200: Memory Usage (462044K) : topmetal1_mask has 0 polygons
2025-09-09 17:34:40 +0200: Memory Usage (462044K) : topmetal1_filler has 0 polygons
2025-09-09 17:34:40 +0200: Memory Usage (462044K) : topmetal1_nofill has 0 polygons
2025-09-09 17:34:40 +0200: Memory Usage (462044K) : topmetal1_slit has 0 polygons
2025-09-09 17:34:40 +0200: Memory Usage (462044K) : topmetal1_text has 264 polygons
2025-09-09 17:34:40 +0200: Memory Usage (462044K) : topmetal1_noqrc has 0 polygons
2025-09-09 17:34:40 +0200: Memory Usage (462044K) : topmetal1_res has 0 polygons
2025-09-09 17:34:40 +0200: Memory Usage (462044K) : topmetal1_iprobe has 0 polygons
2025-09-09 17:34:40 +0200: Memory Usage (462044K) : topmetal1_diffprb has 0 polygons
2025-09-09 17:34:40 +0200: Memory Usage (462044K) : inldpwl_drw has 0 polygons
2025-09-09 17:34:40 +0200: Memory Usage (462044K) : polyres_drw has 0 polygons
2025-09-09 17:34:40 +0200: Memory Usage (462044K) : polyres_pin has 0 polygons
2025-09-09 17:34:40 +0200: Memory Usage (462044K) : vmim_drw has 0 polygons
2025-09-09 17:34:40 +0200: Memory Usage (462044K) : nbulaycut_drw has 0 polygons
2025-09-09 17:34:40 +0200: Memory Usage (462044K) : antmetal1_drw has 0 polygons
2025-09-09 17:34:40 +0200: Memory Usage (462044K) : topvia2_drw has 42644 polygons
2025-09-09 17:34:40 +0200: Memory Usage (462044K) : topmetal2_drw has 289 polygons
2025-09-09 17:34:40 +0200: Memory Usage (462044K) : topmetal2_pin has 275 polygons
2025-09-09 17:34:40 +0200: Memory Usage (462044K) : topmetal2_mask has 0 polygons
2025-09-09 17:34:40 +0200: Memory Usage (462044K) : topmetal2_filler has 0 polygons
2025-09-09 17:34:40 +0200: Memory Usage (462044K) : topmetal2_nofill has 0 polygons
2025-09-09 17:34:40 +0200: Memory Usage (462044K) : topmetal2_slit has 0 polygons
2025-09-09 17:34:40 +0200: Memory Usage (462300K) : topmetal2_text has 277 polygons
2025-09-09 17:34:40 +0200: Memory Usage (462300K) : topmetal2_noqrc has 0 polygons
2025-09-09 17:34:40 +0200: Memory Usage (462300K) : topmetal2_res has 0 polygons
2025-09-09 17:34:40 +0200: Memory Usage (462300K) : topmetal2_iprobe has 0 polygons
2025-09-09 17:34:40 +0200: Memory Usage (462300K) : topmetal2_diffprb has 0 polygons
2025-09-09 17:34:40 +0200: Memory Usage (462300K) : snsring_drw has 0 polygons
2025-09-09 17:34:40 +0200: Memory Usage (462300K) : sensor_drw has 0 polygons
2025-09-09 17:34:40 +0200: Memory Usage (462300K) : snsarms_drw has 0 polygons
2025-09-09 17:34:40 +0200: Memory Usage (462300K) : snscmosvia_drw has 0 polygons
2025-09-09 17:34:40 +0200: Memory Usage (462300K) : colwind_drw has 0 polygons
2025-09-09 17:34:40 +0200: Memory Usage (462300K) : flm_drw has 0 polygons
2025-09-09 17:34:40 +0200: Memory Usage (462300K) : hafniumox_drw has 0 polygons
2025-09-09 17:34:40 +0200: Memory Usage (462300K) : memvia_drw has 0 polygons
2025-09-09 17:34:40 +0200: Memory Usage (462300K) : thinfilmres_drw has 0 polygons
2025-09-09 17:34:40 +0200: Memory Usage (462300K) : rfmem_drw has 0 polygons
2025-09-09 17:34:40 +0200: Memory Usage (462300K) : norcx_drw has 0 polygons
2025-09-09 17:34:40 +0200: Memory Usage (462300K) : norcx_m2m3 has 0 polygons
2025-09-09 17:34:40 +0200: Memory Usage (462300K) : norcx_m2m4 has 0 polygons
2025-09-09 17:34:40 +0200: Memory Usage (462300K) : norcx_m2m5 has 0 polygons
2025-09-09 17:34:40 +0200: Memory Usage (462300K) : norcx_m2tm1 has 0 polygons
2025-09-09 17:34:40 +0200: Memory Usage (462300K) : norcx_m2tm2 has 0 polygons
2025-09-09 17:34:40 +0200: Memory Usage (462300K) : norcx_m3m4 has 0 polygons
2025-09-09 17:34:40 +0200: Memory Usage (462300K) : norcx_m3m5 has 0 polygons
2025-09-09 17:34:40 +0200: Memory Usage (462300K) : norcx_m3tm1 has 0 polygons
2025-09-09 17:34:40 +0200: Memory Usage (462300K) : norcx_m3tm2 has 0 polygons
2025-09-09 17:34:40 +0200: Memory Usage (462300K) : norcx_m4m5 has 0 polygons
2025-09-09 17:34:40 +0200: Memory Usage (462300K) : norcx_m4tm1 has 0 polygons
2025-09-09 17:34:40 +0200: Memory Usage (462300K) : norcx_m4tm2 has 0 polygons
2025-09-09 17:34:40 +0200: Memory Usage (462300K) : norcx_m5tm1 has 0 polygons
2025-09-09 17:34:40 +0200: Memory Usage (462300K) : norcx_m5tm2 has 0 polygons
2025-09-09 17:34:40 +0200: Memory Usage (462300K) : norcx_tm1tm2 has 0 polygons
2025-09-09 17:34:40 +0200: Memory Usage (462300K) : norcx_m1sub has 0 polygons
2025-09-09 17:34:40 +0200: Memory Usage (462300K) : norcx_m2sub has 0 polygons
2025-09-09 17:34:40 +0200: Memory Usage (462300K) : norcx_m3sub has 0 polygons
2025-09-09 17:34:40 +0200: Memory Usage (462300K) : norcx_m4sub has 0 polygons
2025-09-09 17:34:40 +0200: Memory Usage (462300K) : norcx_m5sub has 0 polygons
2025-09-09 17:34:40 +0200: Memory Usage (462300K) : norcx_tm1sub has 0 polygons
2025-09-09 17:34:40 +0200: Memory Usage (462300K) : norcx_tm2sub has 0 polygons
2025-09-09 17:34:40 +0200: Memory Usage (462300K) : snsbotvia_drw has 0 polygons
2025-09-09 17:34:40 +0200: Memory Usage (462300K) : snstopvia_drw has 0 polygons
2025-09-09 17:34:40 +0200: Memory Usage (462556K) : deepvia_drw has 0 polygons
2025-09-09 17:34:40 +0200: Memory Usage (462556K) : fgetch_drw has 0 polygons
2025-09-09 17:34:40 +0200: Memory Usage (462556K) : ctrgat_drw has 0 polygons
2025-09-09 17:34:40 +0200: Memory Usage (462556K) : fgimp_drw has 0 polygons
2025-09-09 17:34:40 +0200: Memory Usage (462556K) : emwihv_drw has 0 polygons
2025-09-09 17:34:40 +0200: Memory Usage (462556K) : lbe_drw has 0 polygons
2025-09-09 17:34:40 +0200: Memory Usage (462556K) : alcustop_drw has 0 polygons
2025-09-09 17:34:40 +0200: Memory Usage (462556K) : nometfiller_drw has 0 polygons
2025-09-09 17:34:40 +0200: Memory Usage (462556K) : prboundary_drw has 0 polygons
2025-09-09 17:34:40 +0200: Memory Usage (462556K) : exchange0_drw has 0 polygons
2025-09-09 17:34:40 +0200: Memory Usage (462556K) : exchange0_pin has 0 polygons
2025-09-09 17:34:40 +0200: Memory Usage (462556K) : exchange0_text has 0 polygons
2025-09-09 17:34:40 +0200: Memory Usage (462556K) : exchange1_drw has 0 polygons
2025-09-09 17:34:40 +0200: Memory Usage (462556K) : exchange1_pin has 0 polygons
2025-09-09 17:34:40 +0200: Memory Usage (462556K) : exchange1_text has 0 polygons
2025-09-09 17:34:40 +0200: Memory Usage (462556K) : exchange2_drw has 0 polygons
2025-09-09 17:34:40 +0200: Memory Usage (462556K) : exchange2_pin has 0 polygons
2025-09-09 17:34:40 +0200: Memory Usage (462556K) : exchange2_text has 0 polygons
2025-09-09 17:34:40 +0200: Memory Usage (462556K) : exchange3_drw has 0 polygons
2025-09-09 17:34:40 +0200: Memory Usage (462556K) : exchange3_pin has 0 polygons
2025-09-09 17:34:40 +0200: Memory Usage (462556K) : exchange3_text has 0 polygons
2025-09-09 17:34:40 +0200: Memory Usage (462556K) : exchange4_drw has 0 polygons
2025-09-09 17:34:40 +0200: Memory Usage (462556K) : exchange4_pin has 0 polygons
2025-09-09 17:34:40 +0200: Memory Usage (462556K) : exchange4_text has 0 polygons
2025-09-09 17:34:40 +0200: Memory Usage (462556K) : isonwell_drw has 0 polygons
2025-09-09 17:34:40 +0200: Memory Usage (462556K) : Total no. of polygons in the design is 3321948
2025-09-09 17:34:40 +0200: Memory Usage (462556K) : Loaded TECH DRC rules values from /home/herman/github/KrzysztofHerman/IHP-Open-PDK/ihp-sg13g2/libs.tech/klayout/python/sg13g2_pycell_lib/sg13g2_tech_mod.json
2025-09-09 17:34:40 +0200: Memory Usage (462556K) : Loaded default DRC rules values from /home/herman/github/KrzysztofHerman/IHP-Open-PDK/ihp-sg13g2/libs.tech/klayout/tech/drc/rule_decks/sg13g2_tech_default.json
2025-09-09 17:34:40 +0200: Memory Usage (463580K) : Total area of the design is 1254400.0 um^2.
2025-09-09 17:34:40 +0200: Memory Usage (463580K) : The design dimensions are 1120.0 µm * 1120.0 µm.
2025-09-09 17:34:40 +0200: Memory Usage (463580K) : Starting general IHP-SG13G2 derivations.
2025-09-09 17:34:40 +0200: Memory Usage (463580K) : Starting Pwell derivations
2025-09-09 17:34:40 +0200: Memory Usage (472796K) : Starting n-Activ derivations
2025-09-09 17:34:40 +0200: Memory Usage (480476K) : Starting p-Activ derivations
2025-09-09 17:34:40 +0200: Memory Usage (480476K) : Starting ptap derivations
2025-09-09 17:34:40 +0200: Memory Usage (480476K) : Starting ntap derivations
2025-09-09 17:34:41 +0200: Memory Usage (480476K) : Starting pact FET derivations
2025-09-09 17:34:41 +0200: Memory Usage (480476K) : Starting nact FET derivations
2025-09-09 17:34:41 +0200: Memory Usage (480476K) : Starting Gate derivations
2025-09-09 17:34:41 +0200: Memory Usage (480476K) : Starting cont/contbar general derivations
2025-09-09 17:34:45 +0200: Memory Usage (656904K) : Starting pad general derivations
2025-09-09 17:34:45 +0200: Memory Usage (656904K) : Starting IHP-SG13G2 DRC connectivity related derivations.
2025-09-09 17:34:45 +0200: Memory Usage (658696K) : Starting IHP-SG13G2 DRC connectivity setup
2025-09-09 17:34:51 +0200: Memory Usage (658952K) : Starting IHP-SG13G2 DRC rules.
2025-09-09 17:34:51 +0200: Memory Usage (658952K) : Running all FEOL rules
2025-09-09 17:34:51 +0200: Memory Usage (658952K) : Running all BEOL rules
2025-09-09 17:34:51 +0200: Memory Usage (658952K) : Starting 3.2. FORBIDDEN table
2025-09-09 17:34:51 +0200: Memory Usage (658952K) : Executing rule forbidden.biwind
2025-09-09 17:34:51 +0200: Memory Usage (658952K) : Executing rule forbidden.pemwind
2025-09-09 17:34:51 +0200: Memory Usage (658952K) : Executing rule forbidden.baspoly
2025-09-09 17:34:51 +0200: Memory Usage (658952K) : Executing rule forbidden.deepco
2025-09-09 17:34:51 +0200: Memory Usage (658952K) : Executing rule forbidden.pempoly
2025-09-09 17:34:51 +0200: Memory Usage (658952K) : Executing rule forbidden.empoly
2025-09-09 17:34:51 +0200: Memory Usage (658952K) : Executing rule forbidden.ldmos
2025-09-09 17:34:51 +0200: Memory Usage (658952K) : Executing rule forbidden.pbiwind
2025-09-09 17:34:51 +0200: Memory Usage (658952K) : Executing rule forbidden.nodrc
2025-09-09 17:34:51 +0200: Memory Usage (658952K) : Executing rule forbidden.flash
2025-09-09 17:34:51 +0200: Memory Usage (658952K) : Executing rule forbidden.colwind
2025-09-09 17:34:51 +0200: Memory Usage (658952K) : Starting 5.1 NWell table
2025-09-09 17:34:51 +0200: Memory Usage (658952K) : Executing rule NW.b
2025-09-09 17:34:52 +0200: Memory Usage (659976K) : Executing rule NW.b1
2025-09-09 17:34:52 +0200: Memory Usage (659976K) : Starting 5.2 PWell:block
2025-09-09 17:34:52 +0200: Memory Usage (659976K) : Executing rule PWB.e
2025-09-09 17:34:52 +0200: Memory Usage (659976K) : Executing rule PWB.e1
2025-09-09 17:34:52 +0200: Memory Usage (659976K) : Executing rule PWB.f
2025-09-09 17:34:52 +0200: Memory Usage (659976K) : Executing rule PWB.f1
2025-09-09 17:34:52 +0200: Memory Usage (659976K) : Starting 5.3 nBuLay table
2025-09-09 17:34:52 +0200: Memory Usage (662024K) : Executing rule NBL.b
2025-09-09 17:34:52 +0200: Memory Usage (662024K) : Executing rule NBL.c
2025-09-09 17:34:52 +0200: Memory Usage (662024K) : Executing rule NBL.d
2025-09-09 17:34:52 +0200: Memory Usage (662024K) : Executing rule NBL.e
2025-09-09 17:34:52 +0200: Memory Usage (662024K) : Executing rule NBL.f
2025-09-09 17:34:52 +0200: Memory Usage (662024K) : Starting 5.5. Activ table
2025-09-09 17:34:52 +0200: Memory Usage (662024K) : Executing rule Act.a
2025-09-09 17:34:52 +0200: Memory Usage (662024K) : Executing rule Act.b
2025-09-09 17:34:53 +0200: Memory Usage (664584K) : Starting 5.6 Activ:filler table
2025-09-09 17:34:53 +0200: Memory Usage (664584K) : Tiling mode is enabled for Activ:filler table.
2025-09-09 17:34:53 +0200: Memory Usage (664584K) : Executing rule AFil.c1
2025-09-09 17:34:53 +0200: Memory Usage (664584K) : Executing rule AFil.c
2025-09-09 17:35:01 +0200: Memory Usage (719232K) : Executing rule AFil.d
2025-09-09 17:35:02 +0200: Memory Usage (719232K) : Executing rule AFil.e
2025-09-09 17:35:02 +0200: Memory Usage (719232K) : Executing rule AFil.j
2025-09-09 17:35:02 +0200: Memory Usage (719232K) : deep mode is enabled after Activ:filler table.
2025-09-09 17:35:02 +0200: Memory Usage (719232K) : Starting 5.7. ThickGateOx table
2025-09-09 17:35:02 +0200: Memory Usage (719232K) : Executing rule TGO.f
2025-09-09 17:35:02 +0200: Memory Usage (719232K) : Starting 5.8. GatPoly table
2025-09-09 17:35:02 +0200: Memory Usage (719232K) : Executing rule Gat.a
2025-09-09 17:35:02 +0200: Memory Usage (719232K) : Executing rule Gat.b
2025-09-09 17:35:02 +0200: Memory Usage (719232K) : Executing rule Gat.d
2025-09-09 17:35:02 +0200: Memory Usage (719232K) : Executing rule Gat.a1
2025-09-09 17:35:02 +0200: Memory Usage (719744K) : Executing rule Gat.a2
2025-09-09 17:35:02 +0200: Memory Usage (719744K) : Executing rule Gat.g
2025-09-09 17:35:03 +0200: Memory Usage (719744K) : Starting 5.9 GatPoly:filler
2025-09-09 17:35:03 +0200: Memory Usage (735360K) : Tiling mode is enabled for GatPoly:filler table.
2025-09-09 17:35:03 +0200: Memory Usage (735360K) : Executing rule GFil.d
2025-09-09 17:35:09 +0200: Memory Usage (735020K) : Executing rule GFil.e
2025-09-09 17:35:09 +0200: Memory Usage (735020K) : Executing rule GFil.i
2025-09-09 17:35:09 +0200: Memory Usage (735020K) : deep mode is enabled after GatPoly:filler table.
2025-09-09 17:35:09 +0200: Memory Usage (735020K) : Starting 5.10 pSD table
2025-09-09 17:35:09 +0200: Memory Usage (735020K) : Executing rule pSD.c1
2025-09-09 17:35:10 +0200: Memory Usage (740652K) : Starting 5.14. Cont table
2025-09-09 17:35:10 +0200: Memory Usage (740652K) : Executing rule Cnt.a
2025-09-09 17:35:19 +0200: Memory Usage (923120K) : Executing rule Cnt.b
2025-09-09 17:35:21 +0200: Memory Usage (939248K) : Executing rule Cnt.c
2025-09-09 17:35:31 +0200: Memory Usage (962544K) : Executing rule Cnt.d
2025-09-09 17:35:31 +0200: Memory Usage (962544K) : Executing rule Cnt.e
2025-09-09 17:35:32 +0200: Memory Usage (962544K) : Executing rule Cnt.g1
2025-09-09 17:35:38 +0200: Memory Usage (980268K) : Executing rule Cnt.g2
2025-09-09 17:35:48 +0200: Memory Usage (982572K) : Starting 5.15. ContBar table
2025-09-09 17:35:48 +0200: Memory Usage (982572K) : Executing rule CntB.b1
2025-09-09 17:35:48 +0200: Memory Usage (982572K) : Executing rule CntB.h1
2025-09-09 17:35:48 +0200: Memory Usage (982572K) : Starting 5.16. Metal1 table
2025-09-09 17:35:48 +0200: Memory Usage (982572K) : Executing rule M1.a
2025-09-09 17:35:49 +0200: Memory Usage (982572K) : Executing rule M1.b
2025-09-09 17:35:50 +0200: Memory Usage (982572K) : Executing rule M1.e
2025-09-09 17:35:52 +0200: Memory Usage (982572K) : Executing rule M1.f
2025-09-09 17:35:54 +0200: Memory Usage (982572K) : Executing rule M1.g
2025-09-09 17:35:54 +0200: Memory Usage (982572K) : Executing rule M1.i
2025-09-09 17:35:54 +0200: Memory Usage (982572K) : Starting 5.17 Metaln table
2025-09-09 17:35:54 +0200: Memory Usage (982572K) : Executing rule M2.a
2025-09-09 17:35:54 +0200: Memory Usage (982572K) : Executing rule M2.b
2025-09-09 17:35:54 +0200: Memory Usage (982572K) : Executing rule M2.e
2025-09-09 17:35:54 +0200: Memory Usage (982572K) : Executing rule M2.f
2025-09-09 17:35:54 +0200: Memory Usage (982572K) : Executing rule M2.g
2025-09-09 17:35:54 +0200: Memory Usage (982572K) : Executing rule M2.i
2025-09-09 17:35:54 +0200: Memory Usage (982572K) : Executing rule M3.a
2025-09-09 17:35:54 +0200: Memory Usage (982572K) : Executing rule M3.b
2025-09-09 17:35:54 +0200: Memory Usage (982572K) : Executing rule M3.e
2025-09-09 17:35:54 +0200: Memory Usage (982572K) : Executing rule M3.f
2025-09-09 17:35:54 +0200: Memory Usage (982572K) : Executing rule M3.g
2025-09-09 17:35:54 +0200: Memory Usage (982572K) : Executing rule M3.i
2025-09-09 17:35:55 +0200: Memory Usage (982572K) : Executing rule M4.a
2025-09-09 17:35:55 +0200: Memory Usage (982572K) : Executing rule M4.b
2025-09-09 17:35:55 +0200: Memory Usage (982572K) : Executing rule M4.e
2025-09-09 17:35:55 +0200: Memory Usage (982572K) : Executing rule M4.f
2025-09-09 17:35:55 +0200: Memory Usage (982572K) : Executing rule M4.g
2025-09-09 17:35:55 +0200: Memory Usage (982572K) : Executing rule M4.i
2025-09-09 17:35:55 +0200: Memory Usage (982572K) : Executing rule M5.a
2025-09-09 17:35:55 +0200: Memory Usage (982572K) : Executing rule M5.b
2025-09-09 17:35:55 +0200: Memory Usage (982572K) : Executing rule M5.e
2025-09-09 17:35:55 +0200: Memory Usage (982572K) : Executing rule M5.f
2025-09-09 17:35:55 +0200: Memory Usage (982572K) : Executing rule M5.g
2025-09-09 17:35:55 +0200: Memory Usage (982572K) : Executing rule M5.i
2025-09-09 17:35:55 +0200: Memory Usage (982572K) : Starting 5.18 Metaln:filler table
2025-09-09 17:35:55 +0200: Memory Usage (982572K) : Tiling mode is enabled for Metaln:filler table.
2025-09-09 17:35:55 +0200: Memory Usage (982572K) : Executing rule M1Fil.c
2025-09-09 17:35:56 +0200: Memory Usage (982572K) : Executing rule M1Fil.a2
2025-09-09 17:35:56 +0200: Memory Usage (982572K) : Executing rule M2Fil.c
2025-09-09 17:35:56 +0200: Memory Usage (982572K) : Executing rule M2Fil.a2
2025-09-09 17:35:56 +0200: Memory Usage (982572K) : Executing rule M3Fil.c
2025-09-09 17:35:56 +0200: Memory Usage (982572K) : Executing rule M3Fil.a2
2025-09-09 17:35:56 +0200: Memory Usage (982572K) : Executing rule M4Fil.c
2025-09-09 17:35:56 +0200: Memory Usage (982572K) : Executing rule M4Fil.a2
2025-09-09 17:35:56 +0200: Memory Usage (982572K) : Executing rule M5Fil.c
2025-09-09 17:35:56 +0200: Memory Usage (982572K) : Executing rule M5Fil.a2
2025-09-09 17:35:56 +0200: Memory Usage (982572K) : deep mode is enabled after Metaln:filler table.
2025-09-09 17:35:56 +0200: Memory Usage (982572K) : Starting 5.19. Via1 table
2025-09-09 17:35:56 +0200: Memory Usage (982572K) : Starting 5.19. Via1 table derivations
2025-09-09 17:35:56 +0200: Memory Usage (982572K) : Executing rule V1.a
2025-09-09 17:35:56 +0200: Memory Usage (982572K) : Executing rule V1.b
2025-09-09 17:35:56 +0200: Memory Usage (982572K) : Executing rule V1.c
2025-09-09 17:35:56 +0200: Memory Usage (982572K) : Starting 5.20. Vian table
2025-09-09 17:35:56 +0200: Memory Usage (982572K) : Executing rule V2.a
2025-09-09 17:35:57 +0200: Memory Usage (982572K) : Executing rule V2.b
2025-09-09 17:35:57 +0200: Memory Usage (982572K) : Executing rule V2.c
2025-09-09 17:35:57 +0200: Memory Usage (982572K) : Executing rule V3.a
2025-09-09 17:35:57 +0200: Memory Usage (982572K) : Executing rule V3.b
2025-09-09 17:35:58 +0200: Memory Usage (982572K) : Executing rule V3.c
2025-09-09 17:35:58 +0200: Memory Usage (982572K) : Executing rule V4.a
2025-09-09 17:35:58 +0200: Memory Usage (982572K) : Executing rule V4.b
2025-09-09 17:35:58 +0200: Memory Usage (982572K) : Executing rule V4.c
2025-09-09 17:35:58 +0200: Memory Usage (982572K) : Starting 5.21. TopVia1 table
2025-09-09 17:35:58 +0200: Memory Usage (982572K) : Executing rule TV1.a
2025-09-09 17:35:59 +0200: Memory Usage (982572K) : Executing rule TV1.b
2025-09-09 17:35:59 +0200: Memory Usage (982572K) : Executing rule TV1.c
2025-09-09 17:35:59 +0200: Memory Usage (982572K) : Executing rule TV1.d
2025-09-09 17:35:59 +0200: Memory Usage (982572K) : Starting 5.22. TopMetal1 table
2025-09-09 17:35:59 +0200: Memory Usage (982572K) : Executing rule TM1.a
2025-09-09 17:35:59 +0200: Memory Usage (982572K) : Executing rule TM1.b
2025-09-09 17:35:59 +0200: Memory Usage (982572K) : Starting 5.23 TopMetal1:filler table
2025-09-09 17:35:59 +0200: Memory Usage (982572K) : Tiling mode is enabled for TopMetal1:filler table.
2025-09-09 17:35:59 +0200: Memory Usage (982572K) : Executing rule TM1Fil.c
2025-09-09 17:35:59 +0200: Memory Usage (982572K) : Executing rule TM1Fil.a1
2025-09-09 17:35:59 +0200: Memory Usage (982572K) : deep mode is enabled after TopMetal1:filler table.
2025-09-09 17:35:59 +0200: Memory Usage (982572K) : Starting 5.24. TopVia2 table
2025-09-09 17:35:59 +0200: Memory Usage (982572K) : Executing rule TV2.a
2025-09-09 17:35:59 +0200: Memory Usage (982572K) : Executing rule TV2.b
2025-09-09 17:35:59 +0200: Memory Usage (982572K) : Executing rule TV2.c
2025-09-09 17:35:59 +0200: Memory Usage (982572K) : Executing rule TV2.d
2025-09-09 17:35:59 +0200: Memory Usage (982572K) : Starting 5.25. TopMetal2 table
2025-09-09 17:35:59 +0200: Memory Usage (982572K) : Executing rule TM2.a
2025-09-09 17:35:59 +0200: Memory Usage (982572K) : Executing rule TM2.b
2025-09-09 17:35:59 +0200: Memory Usage (982572K) : Executing rule TM2.bR
2025-09-09 17:35:59 +0200: Memory Usage (982572K) : Starting 5.26 TopMetal2:filler table
2025-09-09 17:35:59 +0200: Memory Usage (982572K) : Tiling mode is enabled for TopMetal2:filler table.
2025-09-09 17:35:59 +0200: Memory Usage (982572K) : Executing rule TM2Fil.c
2025-09-09 17:35:59 +0200: Memory Usage (982572K) : Executing rule TM2Fil.a1
2025-09-09 17:35:59 +0200: Memory Usage (982572K) : deep mode is enabled after TopMetal2:filler table.
2025-09-09 17:35:59 +0200: Memory Usage (982572K) : Starting 5.27. Passiv table
2025-09-09 17:35:59 +0200: Memory Usage (982572K) : Executing rule Pas.a
2025-09-09 17:35:59 +0200: Memory Usage (982572K) : Executing rule Pas.b
2025-09-09 17:35:59 +0200: Memory Usage (982572K) : Executing rule Pas.c
2025-09-09 17:35:59 +0200: Memory Usage (982572K) : Starting 6.1.3 NPN Substrate-Tie table
2025-09-09 17:35:59 +0200: Memory Usage (982572K) : Executing rule npn13G2.bR 
2025-09-09 17:35:59 +0200: Memory Usage (982572K) : Executing rule npn13G2L.cR 
2025-09-09 17:35:59 +0200: Memory Usage (982572K) : Executing rule npn13G2V.cR 
2025-09-09 17:35:59 +0200: Memory Usage (982572K) : Starting 6.7 Schottky diode table
2025-09-09 17:35:59 +0200: Memory Usage (982572K) : Executing rule Sdiod.d
2025-09-09 17:35:59 +0200: Memory Usage (982572K) : Executing rule Sdiod.e
2025-09-09 17:35:59 +0200: Memory Usage (982572K) : Starting 6.9.2 Copper Pillar table
2025-09-09 17:35:59 +0200: Memory Usage (982572K) : Executing rule Padc.a
2025-09-09 17:35:59 +0200: Memory Usage (982572K) : Executing rule Padc.b
2025-09-09 17:35:59 +0200: Memory Usage (982572K) : Executing rule Padc.c
2025-09-09 17:35:59 +0200: Memory Usage (982572K) : Executing rule Padb.f
2025-09-09 17:35:59 +0200: Memory Usage (982572K) : Starting 6.9 Pad table
2025-09-09 17:35:59 +0200: Memory Usage (982572K) : Executing rule Pad.m
2025-09-09 17:35:59 +0200: Memory Usage (982572K) : Executing rule Pad.fR_M1
2025-09-09 17:35:59 +0200: Memory Usage (982572K) : Executing rule Pad.fR_M2
2025-09-09 17:35:59 +0200: Memory Usage (982572K) : Executing rule Pad.fR_M3
2025-09-09 17:35:59 +0200: Memory Usage (982572K) : Executing rule Pad.fR_M4
2025-09-09 17:35:59 +0200: Memory Usage (982572K) : Executing rule Pad.fR_M5
2025-09-09 17:36:00 +0200: Memory Usage (982572K) : Executing rule Pad.fR_TM1
2025-09-09 17:36:00 +0200: Memory Usage (982572K) : Executing rule Pad.fR_TM2
2025-09-09 17:36:00 +0200: Memory Usage (982572K) : Executing rule Pad.i
2025-09-09 17:36:00 +0200: Memory Usage (982572K) : Starting 6.9.1 Solder Bump
2025-09-09 17:36:00 +0200: Memory Usage (982572K) : Executing rule Padb.a
2025-09-09 17:36:00 +0200: Memory Usage (982572K) : Executing rule Padb.b
2025-09-09 17:36:00 +0200: Memory Usage (982572K) : Executing rule Padb.c
2025-09-09 17:36:00 +0200: Memory Usage (982572K) : Executing rule Padb.f
2025-09-09 17:36:00 +0200: Memory Usage (982572K) : Executing rule Padb.d
2025-09-09 17:36:00 +0200: Memory Usage (982572K) : Starting 6.10 Sealring table
2025-09-09 17:36:00 +0200: Memory Usage (982572K) : Tiling mode is enabled for Seal.l rule.
2025-09-09 17:36:00 +0200: Memory Usage (982572K) : Executing rule Seal.l
2025-09-09 17:36:00 +0200: Memory Usage (982572K) : deep mode is enabled after Seal.l rule.
2025-09-09 17:36:00 +0200: Memory Usage (982572K) : Executing rule Seal.n
2025-09-09 17:36:00 +0200: Memory Usage (982572K) : Executing rule seal.b_metal1
2025-09-09 17:36:00 +0200: Memory Usage (982572K) : Executing rule seal.b_metal2
2025-09-09 17:36:00 +0200: Memory Usage (982572K) : Executing rule seal.b_metal3
2025-09-09 17:36:00 +0200: Memory Usage (982572K) : Executing rule seal.b_metal4
2025-09-09 17:36:00 +0200: Memory Usage (982572K) : Executing rule seal.b_metal5
2025-09-09 17:36:00 +0200: Memory Usage (982572K) : Executing rule seal.b_topmetal1
2025-09-09 17:36:00 +0200: Memory Usage (982572K) : Executing rule seal.b_topmetal2
2025-09-09 17:36:00 +0200: Memory Usage (982572K) : Executing rule seal.b_activ
2025-09-09 17:36:00 +0200: Memory Usage (982572K) : Executing rule seal.b_psd
2025-09-09 17:36:00 +0200: Memory Usage (982572K) : Executing rule Seal.k
2025-09-09 17:36:00 +0200: Memory Usage (982572K) : Executing rule Seal.m
2025-09-09 17:36:00 +0200: Memory Usage (982572K) : Starting 6.11 MIM table
2025-09-09 17:36:00 +0200: Memory Usage (982572K) : Executing rule MIM.c
2025-09-09 17:36:00 +0200: Memory Usage (982572K) : Executing rule MIM.d
2025-09-09 17:36:00 +0200: Memory Usage (982572K) : Executing rule MIM.gR
2025-09-09 17:36:00 +0200: Memory Usage (982572K) : Starting 7.2 Latch-up table
2025-09-09 17:36:00 +0200: Memory Usage (982572K) : Executing rule LU.b
2025-09-09 17:36:01 +0200: Memory Usage (982572K) : Starting 7.3 Metal Slits table
2025-09-09 17:36:01 +0200: Memory Usage (982572K) : Executing rule Slt.e1_M1
2025-09-09 17:36:01 +0200: Memory Usage (982572K) : Executing rule Slt.e1_M2
2025-09-09 17:36:01 +0200: Memory Usage (982572K) : Executing rule Slt.e1_M3
2025-09-09 17:36:01 +0200: Memory Usage (982572K) : Executing rule Slt.e1_M4
2025-09-09 17:36:01 +0200: Memory Usage (982572K) : Executing rule Slt.e1_M5
2025-09-09 17:36:01 +0200: Memory Usage (982572K) : Executing rule Slt.e1_TM1
2025-09-09 17:36:01 +0200: Memory Usage (982572K) : Executing rule Slt.e1_TM2
2025-09-09 17:36:01 +0200: Memory Usage (982572K) : Starting 7.4. PIN table
2025-09-09 17:36:01 +0200: Memory Usage (982572K) : Executing rule Pin.a
2025-09-09 17:36:01 +0200: Memory Usage (982572K) : Executing rule Pin.b
2025-09-09 17:36:01 +0200: Memory Usage (982572K) : Executing rule Pin.e
2025-09-09 17:36:01 +0200: Memory Usage (982572K) : Executing rule Pin.f_M2
2025-09-09 17:36:01 +0200: Memory Usage (982572K) : Executing rule Pin.f_M3
2025-09-09 17:36:01 +0200: Memory Usage (982572K) : Executing rule Pin.f_M4
2025-09-09 17:36:01 +0200: Memory Usage (982572K) : Executing rule Pin.f_M5
2025-09-09 17:36:01 +0200: Memory Usage (982572K) : Executing rule Pin.g
2025-09-09 17:36:01 +0200: Memory Usage (982572K) : Executing rule Pin.h
2025-09-09 17:36:01 +0200: Memory Usage (982572K) : Starting 9.1. LBE table
2025-09-09 17:36:01 +0200: Memory Usage (982572K) : Executing rule LBE.a
2025-09-09 17:36:01 +0200: Memory Usage (982572K) : Executing rule LBE.b
2025-09-09 17:36:01 +0200: Memory Usage (982572K) : Executing rule LBE.b1
2025-09-09 17:36:01 +0200: Memory Usage (982572K) : Executing rule LBE.c
2025-09-09 17:36:01 +0200: Memory Usage (982572K) : Executing rule LBE.d
2025-09-09 17:36:01 +0200: Memory Usage (982572K) : Executing rule LBE.h
2025-09-09 17:36:01 +0200: Memory Usage (982572K) : KLayout DRC run for table 'main' completed in 82.58 seconds
