# Logfile created on 2025-09-09 15:29:36 +0200 by logger.rb/v1.5.3
2025-09-09 15:29:36 +0200: Memory Usage (422804K) : Starting running IHP-SG13G2 Klayout DRC Density runset on /home/herman/github/KrzysztofHerman/designs/Open-Padrings/28/final/gds/top_filled.gds
2025-09-09 15:29:36 +0200: Memory Usage (422804K) : Ruby Version for klayout: 3.2.3
2025-09-09 15:29:36 +0200: Memory Usage (451296K) : Loading database to memory is complete.
2025-09-09 15:29:36 +0200: Memory Usage (451296K) : IHP-SG13G2 Klayout DRC Density runset output at: /home/herman/github/KrzysztofHerman/designs/Open-Padrings/28/drc_run_top/top_filled_top_density.lyrdb
2025-09-09 15:29:36 +0200: Memory Usage (451296K) : Evaluate switches.
2025-09-09 15:29:36 +0200: Memory Usage (451296K) : Klayout will use 1 thread(s)
2025-09-09 15:29:36 +0200: Memory Usage (451296K) : Deep mode enabled: reading layers and preparing general derivations.
2025-09-09 15:29:36 +0200: Memory Usage (451296K) : PreCheck DRC enabled: false
2025-09-09 15:29:36 +0200: Memory Usage (451296K) : Read in polygons from layers.
2025-09-09 15:29:36 +0200: Memory Usage (454368K) : activ_drw has 74706 polygons
2025-09-09 15:29:36 +0200: Memory Usage (454368K) : activ_mask has 0 polygons
2025-09-09 15:29:36 +0200: Memory Usage (454368K) : activ_filler has 22161 polygons
2025-09-09 15:29:36 +0200: Memory Usage (454368K) : gatpoly_drw has 55824 polygons
2025-09-09 15:29:36 +0200: Memory Usage (454368K) : gatpoly_filler has 22161 polygons
2025-09-09 15:29:36 +0200: Memory Usage (454880K) : metal1_drw has 60576 polygons
2025-09-09 15:29:36 +0200: Memory Usage (454880K) : metal1_filler has 30278 polygons
2025-09-09 15:29:36 +0200: Memory Usage (454880K) : metal1_slit has 0 polygons
2025-09-09 15:29:36 +0200: Memory Usage (454880K) : metal2_drw has 2674 polygons
2025-09-09 15:29:36 +0200: Memory Usage (454880K) : metal2_filler has 49310 polygons
2025-09-09 15:29:36 +0200: Memory Usage (454880K) : metal2_slit has 0 polygons
2025-09-09 15:29:36 +0200: Memory Usage (454880K) : metal3_drw has 1556 polygons
2025-09-09 15:29:36 +0200: Memory Usage (454880K) : metal3_filler has 24190 polygons
2025-09-09 15:29:36 +0200: Memory Usage (454880K) : metal3_slit has 0 polygons
2025-09-09 15:29:36 +0200: Memory Usage (454880K) : metal4_drw has 1201 polygons
2025-09-09 15:29:36 +0200: Memory Usage (454880K) : metal4_filler has 23729 polygons
2025-09-09 15:29:36 +0200: Memory Usage (454880K) : metal4_slit has 0 polygons
2025-09-09 15:29:36 +0200: Memory Usage (454880K) : metal5_drw has 1200 polygons
2025-09-09 15:29:36 +0200: Memory Usage (454880K) : metal5_filler has 23640 polygons
2025-09-09 15:29:36 +0200: Memory Usage (454880K) : metal5_slit has 0 polygons
2025-09-09 15:29:36 +0200: Memory Usage (454880K) : topmetal1_drw has 373 polygons
2025-09-09 15:29:36 +0200: Memory Usage (454880K) : topmetal1_filler has 3909 polygons
2025-09-09 15:29:36 +0200: Memory Usage (454880K) : topmetal1_slit has 0 polygons
2025-09-09 15:29:36 +0200: Memory Usage (454880K) : topmetal2_drw has 355 polygons
2025-09-09 15:29:36 +0200: Memory Usage (454880K) : topmetal2_filler has 3947 polygons
2025-09-09 15:29:36 +0200: Memory Usage (454880K) : topmetal2_slit has 0 polygons
2025-09-09 15:29:36 +0200: Memory Usage (454880K) : lbe_drw has 0 polygons
2025-09-09 15:29:36 +0200: Memory Usage (454880K) : Loaded TECH DRC rules values from /home/herman/github/KrzysztofHerman/IHP-Open-PDK/ihp-sg13g2/libs.tech/klayout/python/sg13g2_pycell_lib/sg13g2_tech_mod.json
2025-09-09 15:29:36 +0200: Memory Usage (454880K) : Loaded default DRC rules values from /home/herman/github/KrzysztofHerman/IHP-Open-PDK/ihp-sg13g2/libs.tech/klayout/tech/drc/rule_decks/sg13g2_tech_default.json
2025-09-09 15:29:37 +0200: Memory Usage (457440K) : Total area of the design is 1440000.0 um^2.
2025-09-09 15:29:37 +0200: Memory Usage (457440K) : Starting density IHP-SG13G2 derivations.
2025-09-09 15:29:37 +0200: Memory Usage (457440K) : Starting IHP-SG13G2 DENSITY DRC rules.
2025-09-09 15:29:37 +0200: Memory Usage (457440K) : Tiling mode enabled: executing rules with chip tiling applied.
2025-09-09 15:29:37 +0200: Memory Usage (457440K) : Computing activ area and density...
2025-09-09 15:29:37 +0200: Memory Usage (463916K) : Executing rule AFil.g
2025-09-09 15:29:37 +0200: Memory Usage (463916K) : Executing rule AFil.g1
2025-09-09 15:29:37 +0200: Memory Usage (463916K) : Executing rule AFil.g2
2025-09-09 15:29:39 +0200: Memory Usage (457984K) : Executing rule AFil.g3
2025-09-09 15:29:41 +0200: Memory Usage (457940K) : Computing poly area and density...
2025-09-09 15:29:42 +0200: Memory Usage (470012K) : Executing rule GFil.g
2025-09-09 15:29:42 +0200: Memory Usage (470012K) : Computing metal1 area and density...
2025-09-09 15:29:43 +0200: Memory Usage (473380K) : Executing rule M1.j
2025-09-09 15:29:43 +0200: Memory Usage (473380K) : Executing rule M1.k
2025-09-09 15:29:43 +0200: Memory Usage (473380K) : Computing metal2 area and density...
2025-09-09 15:29:44 +0200: Memory Usage (473380K) : Computing metal3 area and density...
2025-09-09 15:29:44 +0200: Memory Usage (473380K) : Computing metal4 area and density...
2025-09-09 15:29:44 +0200: Memory Usage (473380K) : Computing metal5 area and density...
2025-09-09 15:29:44 +0200: Memory Usage (473380K) : Executing rule M2.j
2025-09-09 15:29:44 +0200: Memory Usage (473380K) : Executing rule M2.k
2025-09-09 15:29:44 +0200: Memory Usage (473380K) : Executing rule M3.j
2025-09-09 15:29:44 +0200: Memory Usage (473380K) : Executing rule M3.k
2025-09-09 15:29:44 +0200: Memory Usage (473380K) : Executing rule M4.j
2025-09-09 15:29:44 +0200: Memory Usage (473380K) : Executing rule M4.k
2025-09-09 15:29:44 +0200: Memory Usage (473380K) : Executing rule M5.j
2025-09-09 15:29:44 +0200: Memory Usage (473380K) : Executing rule M5.k
2025-09-09 15:29:44 +0200: Memory Usage (473380K) : Executing rule M1Fil.h
2025-09-09 15:29:48 +0200: Memory Usage (457884K) : Executing rule M1Fil.k
2025-09-09 15:29:51 +0200: Memory Usage (457888K) : Executing rule M2Fil.h
2025-09-09 15:29:52 +0200: Memory Usage (467872K) : Executing rule M2Fil.k
2025-09-09 15:29:52 +0200: Memory Usage (467872K) : Executing rule M3Fil.h
2025-09-09 15:29:53 +0200: Memory Usage (467872K) : Executing rule M3Fil.k
2025-09-09 15:29:53 +0200: Memory Usage (467872K) : Executing rule M4Fil.h
2025-09-09 15:29:54 +0200: Memory Usage (467872K) : Executing rule M4Fil.k
2025-09-09 15:29:54 +0200: Memory Usage (467872K) : Executing rule M5Fil.h
2025-09-09 15:29:54 +0200: Memory Usage (467872K) : Executing rule M5Fil.k
2025-09-09 15:29:55 +0200: Memory Usage (467872K) : Computing TopMetal1 area and density...
2025-09-09 15:29:55 +0200: Memory Usage (467872K) : Executing rule TM1.c
2025-09-09 15:29:55 +0200: Memory Usage (467872K) : Executing rule TM1.d
2025-09-09 15:29:55 +0200: Memory Usage (467872K) : Computing TopMetal2 area and density...
2025-09-09 15:29:55 +0200: Memory Usage (467872K) : Executing rule TM2.c
2025-09-09 15:29:55 +0200: Memory Usage (467872K) : Executing rule TM2.d
2025-09-09 15:29:55 +0200: Memory Usage (467872K) : Computing LBE area and density...
2025-09-09 15:29:55 +0200: Memory Usage (467872K) : Executing rule LBE.i
2025-09-09 15:29:55 +0200: Memory Usage (467872K) : Executing rule Slt.i_M1
2025-09-09 15:29:58 +0200: Memory Usage (508268K) : Executing rule Slt.i_M2
2025-09-09 15:29:58 +0200: Memory Usage (508524K) : Executing rule Slt.i_M3
2025-09-09 15:29:58 +0200: Memory Usage (508524K) : Executing rule Slt.i_M4
2025-09-09 15:29:58 +0200: Memory Usage (508524K) : Executing rule Slt.i_M5
2025-09-09 15:29:58 +0200: Memory Usage (508780K) : Executing rule Slt.i_TM1
2025-09-09 15:29:58 +0200: Memory Usage (509036K) : Executing rule Slt.i_TM2
2025-09-09 15:29:58 +0200: Memory Usage (509292K) : ##################################################
2025-09-09 15:29:58 +0200: Memory Usage (509292K) :                  Density Report                 #
2025-09-09 15:29:58 +0200: Memory Usage (509292K) : ##################################################
2025-09-09 15:29:58 +0200: Memory Usage (509292K) : 
2025-09-09 15:29:58 +0200: Memory Usage (509292K) : Layer areas and percentages (units: um^2)
2025-09-09 15:29:58 +0200: Memory Usage (509292K) : --------------------------------------------------
2025-09-09 15:29:58 +0200: Memory Usage (509292K) : 
2025-09-09 15:29:58 +0200: Memory Usage (509292K) : Total Area     = 1440000.00 um^2
2025-09-09 15:29:58 +0200: Memory Usage (509292K) : 
2025-09-09 15:29:58 +0200: Memory Usage (509292K) : Activ      Area      = 696407.24 µm²
2025-09-09 15:29:58 +0200: Memory Usage (509292K) : Activ      Density % = 48.36%  [Min = 35.00%,  Max = 55.00%]
2025-09-09 15:29:58 +0200: Memory Usage (509292K) : 
2025-09-09 15:29:58 +0200: Memory Usage (509292K) : GatPoly    Area      = 255590.52 µm²
2025-09-09 15:29:58 +0200: Memory Usage (509292K) : GatPoly    Density % = 17.75%  [Min = 15.00%]
2025-09-09 15:29:58 +0200: Memory Usage (509292K) : 
2025-09-09 15:29:58 +0200: Memory Usage (509292K) : Metal1     Area      = 731457.50 µm²
2025-09-09 15:29:58 +0200: Memory Usage (509292K) : Metal1     Density % = 50.80%  [Min = 35.00%,  Max = 60.00%]
2025-09-09 15:29:58 +0200: Memory Usage (509292K) : 
2025-09-09 15:29:58 +0200: Memory Usage (509292K) : Metal2     Area      = 655662.06 µm²
2025-09-09 15:29:58 +0200: Memory Usage (509292K) : Metal2     Density % = 45.53%  [Min = 35.00%,  Max = 60.00%]
2025-09-09 15:29:58 +0200: Memory Usage (509292K) : 
2025-09-09 15:29:58 +0200: Memory Usage (509292K) : Metal3     Area      = 810719.36 µm²
2025-09-09 15:29:58 +0200: Memory Usage (509292K) : Metal3     Density % = 56.30%  [Min = 35.00%,  Max = 60.00%]
2025-09-09 15:29:58 +0200: Memory Usage (509292K) : 
2025-09-09 15:29:58 +0200: Memory Usage (509292K) : Metal4     Area      = 819415.46 µm²
2025-09-09 15:29:58 +0200: Memory Usage (509292K) : Metal4     Density % = 56.90%  [Min = 35.00%,  Max = 60.00%]
2025-09-09 15:29:58 +0200: Memory Usage (509292K) : 
2025-09-09 15:29:58 +0200: Memory Usage (509292K) : Metal5     Area      = 820252.54 µm²
2025-09-09 15:29:58 +0200: Memory Usage (509292K) : Metal5     Density % = 56.96%  [Min = 35.00%,  Max = 60.00%]
2025-09-09 15:29:58 +0200: Memory Usage (509292K) : 
2025-09-09 15:29:58 +0200: Memory Usage (509292K) : TopMetal1  Area      = 804798.84 µm²
2025-09-09 15:29:58 +0200: Memory Usage (509292K) : TopMetal1  Density % = 55.89%  [Min = 25.00%,  Max = 70.00%]
2025-09-09 15:29:58 +0200: Memory Usage (509292K) : 
2025-09-09 15:29:58 +0200: Memory Usage (509292K) : TopMetal2  Area      = 715444.60 µm²
2025-09-09 15:29:58 +0200: Memory Usage (509292K) : TopMetal2  Density % = 49.68%  [Min = 25.00%,  Max = 70.00%]
2025-09-09 15:29:58 +0200: Memory Usage (509292K) : 
2025-09-09 15:29:58 +0200: Memory Usage (509292K) : LBE        Area      =  0.00 µm²
2025-09-09 15:29:58 +0200: Memory Usage (509292K) : LBE        Density % =  0.00%  [Max = 70.00%]
2025-09-09 15:29:58 +0200: Memory Usage (509292K) : 
2025-09-09 15:29:58 +0200: Memory Usage (509292K) : KLayout DRC run for density table completed in 22.39 seconds
