# Logfile created on 2025-09-09 15:29:35 +0200 by logger.rb/v1.5.3
2025-09-09 15:29:35 +0200: Memory Usage (422200K) : Starting running IHP-SG13G2 Klayout DRC runset on /home/herman/github/KrzysztofHerman/designs/Open-Padrings/28/final/gds/top_filled.gds
2025-09-09 15:29:35 +0200: Memory Usage (422200K) : Ruby Version for klayout: 3.2.3
2025-09-09 15:29:36 +0200: Memory Usage (450320K) : Loading database to memory is complete.
2025-09-09 15:29:36 +0200: Memory Usage (450320K) : IHP-SG13G2 Klayout DRC runset output at: /home/herman/github/KrzysztofHerman/designs/Open-Padrings/28/drc_run_top/top_filled_top_nbulay.lyrdb
2025-09-09 15:29:36 +0200: Memory Usage (450320K) : Evaluate switches.
2025-09-09 15:29:36 +0200: Memory Usage (450320K) : table_name selected  nbulay
2025-09-09 15:29:36 +0200: Memory Usage (450320K) : Klayout will use 1 thread(s)
2025-09-09 15:29:36 +0200: Memory Usage (450320K) : deep mode is enabled for nbulay table.
2025-09-09 15:29:36 +0200: Memory Usage (450320K) : FEOL enabled: true
2025-09-09 15:29:36 +0200: Memory Usage (450320K) : BEOL enabled: true
2025-09-09 15:29:36 +0200: Memory Usage (450320K) : OffGrid enabled: true
2025-09-09 15:29:36 +0200: Memory Usage (450320K) : PreCheck DRC enabled: false
2025-09-09 15:29:36 +0200: Memory Usage (450320K) : CONNECTIVITY_RULES enabled: true for table nbulay
2025-09-09 15:29:36 +0200: Memory Usage (450320K) : Read in polygons from layers.
2025-09-09 15:29:36 +0200: Memory Usage (453648K) : activ_drw has 74706 polygons
2025-09-09 15:29:36 +0200: Memory Usage (453648K) : activ_pin has 0 polygons
2025-09-09 15:29:36 +0200: Memory Usage (453648K) : activ_mask has 0 polygons
2025-09-09 15:29:36 +0200: Memory Usage (453648K) : activ_filler has 22161 polygons
2025-09-09 15:29:36 +0200: Memory Usage (453648K) : activ_nofill has 0 polygons
2025-09-09 15:29:36 +0200: Memory Usage (453648K) : activ_opc has 0 polygons
2025-09-09 15:29:36 +0200: Memory Usage (453648K) : activ_iopc has 0 polygons
2025-09-09 15:29:36 +0200: Memory Usage (453648K) : activ_noqrc has 0 polygons
2025-09-09 15:29:36 +0200: Memory Usage (453648K) : biwind_drw has 0 polygons
2025-09-09 15:29:36 +0200: Memory Usage (453648K) : biwind_opc has 0 polygons
2025-09-09 15:29:36 +0200: Memory Usage (453648K) : pemwind_drw has 0 polygons
2025-09-09 15:29:36 +0200: Memory Usage (454160K) : gatpoly_drw has 55824 polygons
2025-09-09 15:29:36 +0200: Memory Usage (454160K) : gatpoly_pin has 0 polygons
2025-09-09 15:29:36 +0200: Memory Usage (454160K) : gatpoly_filler has 22161 polygons
2025-09-09 15:29:36 +0200: Memory Usage (454160K) : gatpoly_nofill has 0 polygons
2025-09-09 15:29:36 +0200: Memory Usage (454160K) : gatpoly_opc has 0 polygons
2025-09-09 15:29:36 +0200: Memory Usage (454160K) : gatpoly_iopc has 0 polygons
2025-09-09 15:29:36 +0200: Memory Usage (454160K) : gatpoly_noqrc has 0 polygons
2025-09-09 15:29:36 +0200: Memory Usage (464400K) : cont_drw has 2875711 polygons
2025-09-09 15:29:36 +0200: Memory Usage (464400K) : cont_opc has 0 polygons
2025-09-09 15:29:36 +0200: Memory Usage (464400K) : nsd_drw has 0 polygons
2025-09-09 15:29:36 +0200: Memory Usage (464400K) : nsd_block has 0 polygons
2025-09-09 15:29:36 +0200: Memory Usage (464400K) : metal1_drw has 60576 polygons
2025-09-09 15:29:36 +0200: Memory Usage (464400K) : metal1_pin has 37170 polygons
2025-09-09 15:29:36 +0200: Memory Usage (464400K) : metal1_mask has 0 polygons
2025-09-09 15:29:36 +0200: Memory Usage (464400K) : metal1_filler has 30278 polygons
2025-09-09 15:29:36 +0200: Memory Usage (464400K) : metal1_nofill has 0 polygons
2025-09-09 15:29:36 +0200: Memory Usage (464400K) : metal1_slit has 0 polygons
2025-09-09 15:29:36 +0200: Memory Usage (464656K) : metal1_text has 37170 polygons
2025-09-09 15:29:36 +0200: Memory Usage (464656K) : metal1_opc has 0 polygons
2025-09-09 15:29:36 +0200: Memory Usage (464656K) : metal1_noqrc has 0 polygons
2025-09-09 15:29:36 +0200: Memory Usage (464656K) : metal1_res has 0 polygons
2025-09-09 15:29:36 +0200: Memory Usage (464656K) : metal1_iprobe has 0 polygons
2025-09-09 15:29:36 +0200: Memory Usage (464656K) : metal1_diffprb has 0 polygons
2025-09-09 15:29:36 +0200: Memory Usage (464656K) : passiv_drw has 40 polygons
2025-09-09 15:29:36 +0200: Memory Usage (464656K) : passiv_pin has 0 polygons
2025-09-09 15:29:36 +0200: Memory Usage (464656K) : passiv_sbump has 0 polygons
2025-09-09 15:29:36 +0200: Memory Usage (464656K) : passiv_pillar has 0 polygons
2025-09-09 15:29:36 +0200: Memory Usage (464656K) : passiv_pdl has 0 polygons
2025-09-09 15:29:36 +0200: Memory Usage (464656K) : metal2_drw has 2674 polygons
2025-09-09 15:29:36 +0200: Memory Usage (464656K) : metal2_pin has 474 polygons
2025-09-09 15:29:36 +0200: Memory Usage (464656K) : metal2_mask has 0 polygons
2025-09-09 15:29:36 +0200: Memory Usage (464656K) : metal2_filler has 49310 polygons
2025-09-09 15:29:36 +0200: Memory Usage (464656K) : metal2_nofill has 0 polygons
2025-09-09 15:29:36 +0200: Memory Usage (464656K) : metal2_slit has 0 polygons
2025-09-09 15:29:36 +0200: Memory Usage (464656K) : metal2_text has 470 polygons
2025-09-09 15:29:36 +0200: Memory Usage (464656K) : metal2_opc has 0 polygons
2025-09-09 15:29:36 +0200: Memory Usage (464656K) : metal2_noqrc has 0 polygons
2025-09-09 15:29:36 +0200: Memory Usage (464656K) : metal2_res has 0 polygons
2025-09-09 15:29:36 +0200: Memory Usage (464656K) : metal2_iprobe has 0 polygons
2025-09-09 15:29:36 +0200: Memory Usage (464656K) : metal2_diffprb has 0 polygons
2025-09-09 15:29:36 +0200: Memory Usage (464656K) : baspoly_drw has 0 polygons
2025-09-09 15:29:36 +0200: Memory Usage (464656K) : baspoly_pin has 0 polygons
2025-09-09 15:29:36 +0200: Memory Usage (464656K) : psd_drw has 37228 polygons
2025-09-09 15:29:36 +0200: Memory Usage (464656K) : nldb_drw has 0 polygons
2025-09-09 15:29:36 +0200: Memory Usage (464656K) : digibnd_drw has 0 polygons
2025-09-09 15:29:36 +0200: Memory Usage (464656K) : via1_drw has 66018 polygons
2025-09-09 15:29:36 +0200: Memory Usage (464656K) : backmetal1_drw has 0 polygons
2025-09-09 15:29:36 +0200: Memory Usage (464656K) : backmetal1_pin has 0 polygons
2025-09-09 15:29:36 +0200: Memory Usage (464656K) : backmetal1_mask has 0 polygons
2025-09-09 15:29:36 +0200: Memory Usage (464656K) : backmetal1_filler has 0 polygons
2025-09-09 15:29:36 +0200: Memory Usage (464656K) : backmetal1_nofill has 0 polygons
2025-09-09 15:29:36 +0200: Memory Usage (464656K) : backmetal1_slit has 0 polygons
2025-09-09 15:29:36 +0200: Memory Usage (464656K) : backmetal1_text has 0 polygons
2025-09-09 15:29:36 +0200: Memory Usage (464656K) : backmetal1_opc has 0 polygons
2025-09-09 15:29:36 +0200: Memory Usage (464656K) : backmetal1_noqrc has 0 polygons
2025-09-09 15:29:36 +0200: Memory Usage (464656K) : backmetal1_res has 0 polygons
2025-09-09 15:29:36 +0200: Memory Usage (464656K) : backmetal1_iprobe has 0 polygons
2025-09-09 15:29:36 +0200: Memory Usage (464656K) : backmetal1_diffprb has 0 polygons
2025-09-09 15:29:36 +0200: Memory Usage (464656K) : backpassiv_drw has 0 polygons
2025-09-09 15:29:36 +0200: Memory Usage (464656K) : res_drw has 0 polygons
2025-09-09 15:29:36 +0200: Memory Usage (464656K) : sram_drw has 0 polygons
2025-09-09 15:29:36 +0200: Memory Usage (464656K) : trans_drw has 0 polygons
2025-09-09 15:29:36 +0200: Memory Usage (464656K) : ind_drw has 0 polygons
2025-09-09 15:29:36 +0200: Memory Usage (464656K) : ind_pin has 0 polygons
2025-09-09 15:29:36 +0200: Memory Usage (464656K) : ind_text has 0 polygons
2025-09-09 15:29:36 +0200: Memory Usage (465168K) : salblock_drw has 14 polygons
2025-09-09 15:29:36 +0200: Memory Usage (465680K) : via2_drw has 177369 polygons
2025-09-09 15:29:36 +0200: Memory Usage (465680K) : metal3_drw has 1556 polygons
2025-09-09 15:29:36 +0200: Memory Usage (465680K) : metal3_pin has 304 polygons
2025-09-09 15:29:36 +0200: Memory Usage (465680K) : metal3_mask has 0 polygons
2025-09-09 15:29:36 +0200: Memory Usage (465680K) : metal3_filler has 24190 polygons
2025-09-09 15:29:36 +0200: Memory Usage (465680K) : metal3_nofill has 0 polygons
2025-09-09 15:29:36 +0200: Memory Usage (465680K) : metal3_slit has 0 polygons
2025-09-09 15:29:36 +0200: Memory Usage (465936K) : metal3_text has 308 polygons
2025-09-09 15:29:36 +0200: Memory Usage (465936K) : metal3_opc has 0 polygons
2025-09-09 15:29:36 +0200: Memory Usage (465936K) : metal3_noqrc has 0 polygons
2025-09-09 15:29:36 +0200: Memory Usage (465936K) : metal3_res has 0 polygons
2025-09-09 15:29:36 +0200: Memory Usage (465936K) : metal3_iprobe has 0 polygons
2025-09-09 15:29:36 +0200: Memory Usage (465936K) : metal3_diffprb has 0 polygons
2025-09-09 15:29:37 +0200: Memory Usage (465936K) : nwell_drw has 18838 polygons
2025-09-09 15:29:37 +0200: Memory Usage (465936K) : nwell_pin has 0 polygons
2025-09-09 15:29:37 +0200: Memory Usage (465936K) : nbulay_drw has 0 polygons
2025-09-09 15:29:37 +0200: Memory Usage (465936K) : nbulay_pin has 0 polygons
2025-09-09 15:29:37 +0200: Memory Usage (465936K) : nbulay_block has 0 polygons
2025-09-09 15:29:37 +0200: Memory Usage (465936K) : emwind_drw has 0 polygons
2025-09-09 15:29:37 +0200: Memory Usage (465936K) : emwind_opc has 0 polygons
2025-09-09 15:29:37 +0200: Memory Usage (465936K) : deepco_drw has 0 polygons
2025-09-09 15:29:37 +0200: Memory Usage (465936K) : deepco_drw has 0 polygons
2025-09-09 15:29:37 +0200: Memory Usage (465936K) : mim_drw has 0 polygons
2025-09-09 15:29:37 +0200: Memory Usage (465936K) : edgeseal_drw has 24 polygons
2025-09-09 15:29:37 +0200: Memory Usage (465936K) : edgeseal_bound has 1 polygons
2025-09-09 15:29:37 +0200: Memory Usage (465936K) : substrate_drw has 502 polygons
2025-09-09 15:29:37 +0200: Memory Usage (465936K) : substrate_text has 0 polygons
2025-09-09 15:29:37 +0200: Memory Usage (465936K) : dfpad_drw has 28 polygons
2025-09-09 15:29:37 +0200: Memory Usage (465936K) : dfpad_pillar has 0 polygons
2025-09-09 15:29:37 +0200: Memory Usage (465936K) : dfpad_sbump has 0 polygons
2025-09-09 15:29:37 +0200: Memory Usage (465936K) : thickgateox_drw has 66 polygons
2025-09-09 15:29:37 +0200: Memory Usage (465936K) : pldb_drw has 0 polygons
2025-09-09 15:29:37 +0200: Memory Usage (465936K) : pwell_drw has 0 polygons
2025-09-09 15:29:37 +0200: Memory Usage (465936K) : pwell_pin has 0 polygons
2025-09-09 15:29:37 +0200: Memory Usage (465936K) : pwell_block has 0 polygons
2025-09-09 15:29:37 +0200: Memory Usage (465936K) : ic_drw has 0 polygons
2025-09-09 15:29:37 +0200: Memory Usage (465936K) : via3_drw has 163762 polygons
2025-09-09 15:29:37 +0200: Memory Usage (465936K) : metal4_drw has 1201 polygons
2025-09-09 15:29:37 +0200: Memory Usage (465936K) : metal4_pin has 280 polygons
2025-09-09 15:29:37 +0200: Memory Usage (465936K) : metal4_mask has 0 polygons
2025-09-09 15:29:37 +0200: Memory Usage (465936K) : metal4_filler has 23729 polygons
2025-09-09 15:29:37 +0200: Memory Usage (465936K) : metal4_nofill has 0 polygons
2025-09-09 15:29:37 +0200: Memory Usage (465936K) : metal4_slit has 0 polygons
2025-09-09 15:29:37 +0200: Memory Usage (465936K) : metal4_text has 280 polygons
2025-09-09 15:29:37 +0200: Memory Usage (465936K) : metal4_opc has 0 polygons
2025-09-09 15:29:37 +0200: Memory Usage (465936K) : metal4_noqrc has 0 polygons
2025-09-09 15:29:37 +0200: Memory Usage (465936K) : metal4_res has 0 polygons
2025-09-09 15:29:37 +0200: Memory Usage (465936K) : metal4_iprobe has 0 polygons
2025-09-09 15:29:37 +0200: Memory Usage (465936K) : metal4_diffprb has 0 polygons
2025-09-09 15:29:37 +0200: Memory Usage (465936K) : heattrans_drw has 0 polygons
2025-09-09 15:29:37 +0200: Memory Usage (465936K) : heatres_drw has 0 polygons
2025-09-09 15:29:37 +0200: Memory Usage (465936K) : pempoly_drw has 0 polygons
2025-09-09 15:29:37 +0200: Memory Usage (465936K) : fbe_drw has 0 polygons
2025-09-09 15:29:37 +0200: Memory Usage (465936K) : empoly_drw has 0 polygons
2025-09-09 15:29:37 +0200: Memory Usage (465936K) : ldmos_drw has 0 polygons
2025-09-09 15:29:37 +0200: Memory Usage (465936K) : pbiwind_drw has 0 polygons
2025-09-09 15:29:37 +0200: Memory Usage (465936K) : digisub_drw has 0 polygons
2025-09-09 15:29:37 +0200: Memory Usage (465936K) : nodrc_drw has 0 polygons
2025-09-09 15:29:37 +0200: Memory Usage (466192K) : text_drw has 428 polygons
2025-09-09 15:29:37 +0200: Memory Usage (466448K) : via4_drw has 168380 polygons
2025-09-09 15:29:37 +0200: Memory Usage (466448K) : metal5_drw has 1200 polygons
2025-09-09 15:29:37 +0200: Memory Usage (466448K) : metal5_pin has 280 polygons
2025-09-09 15:29:37 +0200: Memory Usage (466448K) : metal5_mask has 0 polygons
2025-09-09 15:29:37 +0200: Memory Usage (466448K) : metal5_filler has 23640 polygons
2025-09-09 15:29:37 +0200: Memory Usage (466448K) : metal5_nofill has 0 polygons
2025-09-09 15:29:37 +0200: Memory Usage (466448K) : metal5_slit has 0 polygons
2025-09-09 15:29:37 +0200: Memory Usage (466448K) : metal5_text has 280 polygons
2025-09-09 15:29:37 +0200: Memory Usage (466448K) : metal5_opc has 0 polygons
2025-09-09 15:29:37 +0200: Memory Usage (466448K) : metal5_noqrc has 0 polygons
2025-09-09 15:29:37 +0200: Memory Usage (466448K) : metal5_res has 0 polygons
2025-09-09 15:29:37 +0200: Memory Usage (466448K) : metal5_iprobe has 0 polygons
2025-09-09 15:29:37 +0200: Memory Usage (466448K) : metal5_diffprb has 0 polygons
2025-09-09 15:29:37 +0200: Memory Usage (466448K) : radhard_drw has 0 polygons
2025-09-09 15:29:37 +0200: Memory Usage (466448K) : memcap_drw has 0 polygons
2025-09-09 15:29:37 +0200: Memory Usage (466704K) : varicap_drw has 0 polygons
2025-09-09 15:29:37 +0200: Memory Usage (466704K) : flash_drw has 0 polygons
2025-09-09 15:29:37 +0200: Memory Usage (466704K) : intbondvia_drw has 0 polygons
2025-09-09 15:29:37 +0200: Memory Usage (466704K) : intbondmet_drw has 0 polygons
2025-09-09 15:29:37 +0200: Memory Usage (466704K) : devbondvia_drw has 0 polygons
2025-09-09 15:29:37 +0200: Memory Usage (466704K) : devbondmet_drw has 0 polygons
2025-09-09 15:29:37 +0200: Memory Usage (466704K) : devtrench_drw has 0 polygons
2025-09-09 15:29:37 +0200: Memory Usage (466960K) : redist_drw has 0 polygons
2025-09-09 15:29:37 +0200: Memory Usage (466960K) : graphbot_drw has 0 polygons
2025-09-09 15:29:37 +0200: Memory Usage (466960K) : graphtop_drw has 0 polygons
2025-09-09 15:29:37 +0200: Memory Usage (466960K) : antvia1_drw has 0 polygons
2025-09-09 15:29:37 +0200: Memory Usage (466960K) : antmetal2_drw has 0 polygons
2025-09-09 15:29:37 +0200: Memory Usage (466960K) : graphcont_drw has 0 polygons
2025-09-09 15:29:37 +0200: Memory Usage (467216K) : siwg_drw has 0 polygons
2025-09-09 15:29:37 +0200: Memory Usage (467216K) : siwg_filler has 0 polygons
2025-09-09 15:29:37 +0200: Memory Usage (467216K) : siwg_nofill has 0 polygons
2025-09-09 15:29:37 +0200: Memory Usage (467216K) : sigrating_drw has 0 polygons
2025-09-09 15:29:37 +0200: Memory Usage (467216K) : singrating_drw has 0 polygons
2025-09-09 15:29:37 +0200: Memory Usage (467216K) : graphpas_drw has 0 polygons
2025-09-09 15:29:37 +0200: Memory Usage (467472K) : emwind3_drw has 0 polygons
2025-09-09 15:29:37 +0200: Memory Usage (467472K) : emwihv3_drw has 0 polygons
2025-09-09 15:29:37 +0200: Memory Usage (467472K) : redbulay_drw has 0 polygons
2025-09-09 15:29:37 +0200: Memory Usage (467472K) : smos_drw has 0 polygons
2025-09-09 15:29:37 +0200: Memory Usage (467472K) : graphpad_drw has 0 polygons
2025-09-09 15:29:37 +0200: Memory Usage (467472K) : polimide_drw has 0 polygons
2025-09-09 15:29:37 +0200: Memory Usage (467728K) : polimide_pin has 0 polygons
2025-09-09 15:29:37 +0200: Memory Usage (467728K) : recog_drw has 0 polygons
2025-09-09 15:29:37 +0200: Memory Usage (467728K) : recog_pin has 0 polygons
2025-09-09 15:29:37 +0200: Memory Usage (467728K) : recog_esd has 0 polygons
2025-09-09 15:29:37 +0200: Memory Usage (467728K) : recog_diode has 166 polygons
2025-09-09 15:29:37 +0200: Memory Usage (467728K) : recog_tsv has 0 polygons
2025-09-09 15:29:37 +0200: Memory Usage (467728K) : recog_iprobe has 0 polygons
2025-09-09 15:29:37 +0200: Memory Usage (467728K) : recog_diffprb has 0 polygons
2025-09-09 15:29:37 +0200: Memory Usage (467728K) : recog_pillar has 0 polygons
2025-09-09 15:29:37 +0200: Memory Usage (467728K) : recog_sbump has 0 polygons
2025-09-09 15:29:37 +0200: Memory Usage (467728K) : recog_otp has 0 polygons
2025-09-09 15:29:37 +0200: Memory Usage (467728K) : recog_pdiode has 0 polygons
2025-09-09 15:29:37 +0200: Memory Usage (467728K) : recog_mom has 0 polygons
2025-09-09 15:29:37 +0200: Memory Usage (467728K) : recog_pcm has 0 polygons
2025-09-09 15:29:37 +0200: Memory Usage (467728K) : colopen_drw has 0 polygons
2025-09-09 15:29:37 +0200: Memory Usage (467728K) : graphmetal1_drw has 0 polygons
2025-09-09 15:29:37 +0200: Memory Usage (467728K) : graphmetal1_filler has 0 polygons
2025-09-09 15:29:37 +0200: Memory Usage (467728K) : graphmetal1_nofill has 0 polygons
2025-09-09 15:29:37 +0200: Memory Usage (467728K) : graphmetal1_slit has 0 polygons
2025-09-09 15:29:37 +0200: Memory Usage (467728K) : graphmetal1_opc has 0 polygons
2025-09-09 15:29:37 +0200: Memory Usage (467728K) : graphmet1l_drw has 0 polygons
2025-09-09 15:29:37 +0200: Memory Usage (467728K) : graphmet1l_filler has 0 polygons
2025-09-09 15:29:37 +0200: Memory Usage (467728K) : graphmet1l_nofill has 0 polygons
2025-09-09 15:29:37 +0200: Memory Usage (467728K) : graphmet1l_slit has 0 polygons
2025-09-09 15:29:37 +0200: Memory Usage (467728K) : graphmet1l_opc has 0 polygons
2025-09-09 15:29:37 +0200: Memory Usage (467728K) : extblock_drw has 14 polygons
2025-09-09 15:29:37 +0200: Memory Usage (467728K) : nldd_drw has 0 polygons
2025-09-09 15:29:37 +0200: Memory Usage (467728K) : pldd_drw has 0 polygons
2025-09-09 15:29:37 +0200: Memory Usage (467728K) : next_drw has 0 polygons
2025-09-09 15:29:37 +0200: Memory Usage (467728K) : pext_drw has 0 polygons
2025-09-09 15:29:37 +0200: Memory Usage (467728K) : nexthv_drw has 0 polygons
2025-09-09 15:29:37 +0200: Memory Usage (467728K) : pexthv_drw has 0 polygons
2025-09-09 15:29:37 +0200: Memory Usage (467728K) : graphgate_drw has 0 polygons
2025-09-09 15:29:37 +0200: Memory Usage (467728K) : sinwg_drw has 0 polygons
2025-09-09 15:29:37 +0200: Memory Usage (467728K) : sinwg_filler has 0 polygons
2025-09-09 15:29:37 +0200: Memory Usage (467728K) : sinwg_nofill has 0 polygons
2025-09-09 15:29:37 +0200: Memory Usage (467728K) : mempad_drw has 0 polygons
2025-09-09 15:29:37 +0200: Memory Usage (467728K) : topvia1_drw has 93564 polygons
2025-09-09 15:29:37 +0200: Memory Usage (467728K) : topmetal1_drw has 373 polygons
2025-09-09 15:29:37 +0200: Memory Usage (467728K) : topmetal1_pin has 298 polygons
2025-09-09 15:29:37 +0200: Memory Usage (467728K) : topmetal1_mask has 0 polygons
2025-09-09 15:29:37 +0200: Memory Usage (467728K) : topmetal1_filler has 3909 polygons
2025-09-09 15:29:37 +0200: Memory Usage (467728K) : topmetal1_nofill has 0 polygons
2025-09-09 15:29:37 +0200: Memory Usage (467728K) : topmetal1_slit has 0 polygons
2025-09-09 15:29:37 +0200: Memory Usage (467728K) : topmetal1_text has 298 polygons
2025-09-09 15:29:37 +0200: Memory Usage (467728K) : topmetal1_noqrc has 0 polygons
2025-09-09 15:29:37 +0200: Memory Usage (467728K) : topmetal1_res has 0 polygons
2025-09-09 15:29:37 +0200: Memory Usage (467728K) : topmetal1_iprobe has 0 polygons
2025-09-09 15:29:37 +0200: Memory Usage (467728K) : topmetal1_diffprb has 0 polygons
2025-09-09 15:29:37 +0200: Memory Usage (467728K) : inldpwl_drw has 0 polygons
2025-09-09 15:29:37 +0200: Memory Usage (467728K) : polyres_drw has 0 polygons
2025-09-09 15:29:37 +0200: Memory Usage (467728K) : polyres_pin has 0 polygons
2025-09-09 15:29:37 +0200: Memory Usage (467728K) : vmim_drw has 0 polygons
2025-09-09 15:29:37 +0200: Memory Usage (467728K) : nbulaycut_drw has 0 polygons
2025-09-09 15:29:37 +0200: Memory Usage (467728K) : antmetal1_drw has 0 polygons
2025-09-09 15:29:37 +0200: Memory Usage (467728K) : topvia2_drw has 50134 polygons
2025-09-09 15:29:37 +0200: Memory Usage (467728K) : topmetal2_drw has 355 polygons
2025-09-09 15:29:37 +0200: Memory Usage (467728K) : topmetal2_pin has 313 polygons
2025-09-09 15:29:37 +0200: Memory Usage (467728K) : topmetal2_mask has 0 polygons
2025-09-09 15:29:37 +0200: Memory Usage (467728K) : topmetal2_filler has 3947 polygons
2025-09-09 15:29:37 +0200: Memory Usage (467728K) : topmetal2_nofill has 0 polygons
2025-09-09 15:29:37 +0200: Memory Usage (467728K) : topmetal2_slit has 0 polygons
2025-09-09 15:29:37 +0200: Memory Usage (467728K) : topmetal2_text has 315 polygons
2025-09-09 15:29:37 +0200: Memory Usage (467728K) : topmetal2_noqrc has 0 polygons
2025-09-09 15:29:37 +0200: Memory Usage (467728K) : topmetal2_res has 0 polygons
2025-09-09 15:29:37 +0200: Memory Usage (467728K) : topmetal2_iprobe has 0 polygons
2025-09-09 15:29:37 +0200: Memory Usage (467728K) : topmetal2_diffprb has 0 polygons
2025-09-09 15:29:37 +0200: Memory Usage (467728K) : snsring_drw has 0 polygons
2025-09-09 15:29:37 +0200: Memory Usage (467728K) : sensor_drw has 0 polygons
2025-09-09 15:29:37 +0200: Memory Usage (467728K) : snsarms_drw has 0 polygons
2025-09-09 15:29:37 +0200: Memory Usage (467728K) : snscmosvia_drw has 0 polygons
2025-09-09 15:29:37 +0200: Memory Usage (467728K) : colwind_drw has 0 polygons
2025-09-09 15:29:37 +0200: Memory Usage (467728K) : flm_drw has 0 polygons
2025-09-09 15:29:37 +0200: Memory Usage (467728K) : hafniumox_drw has 0 polygons
2025-09-09 15:29:37 +0200: Memory Usage (467728K) : memvia_drw has 0 polygons
2025-09-09 15:29:37 +0200: Memory Usage (467728K) : thinfilmres_drw has 0 polygons
2025-09-09 15:29:37 +0200: Memory Usage (467728K) : rfmem_drw has 0 polygons
2025-09-09 15:29:37 +0200: Memory Usage (467728K) : norcx_drw has 0 polygons
2025-09-09 15:29:37 +0200: Memory Usage (467728K) : norcx_m2m3 has 0 polygons
2025-09-09 15:29:37 +0200: Memory Usage (467984K) : norcx_m2m4 has 0 polygons
2025-09-09 15:29:37 +0200: Memory Usage (467984K) : norcx_m2m5 has 0 polygons
2025-09-09 15:29:37 +0200: Memory Usage (467984K) : norcx_m2tm1 has 0 polygons
2025-09-09 15:29:37 +0200: Memory Usage (467984K) : norcx_m2tm2 has 0 polygons
2025-09-09 15:29:37 +0200: Memory Usage (467984K) : norcx_m3m4 has 0 polygons
2025-09-09 15:29:37 +0200: Memory Usage (467984K) : norcx_m3m5 has 0 polygons
2025-09-09 15:29:37 +0200: Memory Usage (468240K) : norcx_m3tm1 has 0 polygons
2025-09-09 15:29:37 +0200: Memory Usage (468240K) : norcx_m3tm2 has 0 polygons
2025-09-09 15:29:37 +0200: Memory Usage (468240K) : norcx_m4m5 has 0 polygons
2025-09-09 15:29:37 +0200: Memory Usage (468240K) : norcx_m4tm1 has 0 polygons
2025-09-09 15:29:37 +0200: Memory Usage (468240K) : norcx_m4tm2 has 0 polygons
2025-09-09 15:29:37 +0200: Memory Usage (468240K) : norcx_m5tm1 has 0 polygons
2025-09-09 15:29:37 +0200: Memory Usage (468496K) : norcx_m5tm2 has 0 polygons
2025-09-09 15:29:37 +0200: Memory Usage (468496K) : norcx_tm1tm2 has 0 polygons
2025-09-09 15:29:37 +0200: Memory Usage (468496K) : norcx_m1sub has 0 polygons
2025-09-09 15:29:37 +0200: Memory Usage (468496K) : norcx_m2sub has 0 polygons
2025-09-09 15:29:37 +0200: Memory Usage (468496K) : norcx_m3sub has 0 polygons
2025-09-09 15:29:37 +0200: Memory Usage (468496K) : norcx_m4sub has 0 polygons
2025-09-09 15:29:37 +0200: Memory Usage (468752K) : norcx_m5sub has 0 polygons
2025-09-09 15:29:37 +0200: Memory Usage (468752K) : norcx_tm1sub has 0 polygons
2025-09-09 15:29:38 +0200: Memory Usage (468752K) : norcx_tm2sub has 0 polygons
2025-09-09 15:29:38 +0200: Memory Usage (468752K) : snsbotvia_drw has 0 polygons
2025-09-09 15:29:38 +0200: Memory Usage (468752K) : snstopvia_drw has 0 polygons
2025-09-09 15:29:38 +0200: Memory Usage (468752K) : deepvia_drw has 0 polygons
2025-09-09 15:29:38 +0200: Memory Usage (469008K) : fgetch_drw has 0 polygons
2025-09-09 15:29:38 +0200: Memory Usage (469008K) : ctrgat_drw has 0 polygons
2025-09-09 15:29:38 +0200: Memory Usage (469008K) : fgimp_drw has 0 polygons
2025-09-09 15:29:38 +0200: Memory Usage (469008K) : emwihv_drw has 0 polygons
2025-09-09 15:29:38 +0200: Memory Usage (469008K) : lbe_drw has 0 polygons
2025-09-09 15:29:38 +0200: Memory Usage (469008K) : alcustop_drw has 0 polygons
2025-09-09 15:29:38 +0200: Memory Usage (469008K) : nometfiller_drw has 0 polygons
2025-09-09 15:29:38 +0200: Memory Usage (469008K) : prboundary_drw has 0 polygons
2025-09-09 15:29:38 +0200: Memory Usage (469008K) : exchange0_drw has 0 polygons
2025-09-09 15:29:38 +0200: Memory Usage (469008K) : exchange0_pin has 0 polygons
2025-09-09 15:29:38 +0200: Memory Usage (469008K) : exchange0_text has 0 polygons
2025-09-09 15:29:38 +0200: Memory Usage (469008K) : exchange1_drw has 0 polygons
2025-09-09 15:29:38 +0200: Memory Usage (469008K) : exchange1_pin has 0 polygons
2025-09-09 15:29:38 +0200: Memory Usage (469008K) : exchange1_text has 0 polygons
2025-09-09 15:29:38 +0200: Memory Usage (469008K) : exchange2_drw has 0 polygons
2025-09-09 15:29:38 +0200: Memory Usage (469008K) : exchange2_pin has 0 polygons
2025-09-09 15:29:38 +0200: Memory Usage (469008K) : exchange2_text has 0 polygons
2025-09-09 15:29:38 +0200: Memory Usage (469008K) : exchange3_drw has 0 polygons
2025-09-09 15:29:38 +0200: Memory Usage (469008K) : exchange3_pin has 0 polygons
2025-09-09 15:29:38 +0200: Memory Usage (469008K) : exchange3_text has 0 polygons
2025-09-09 15:29:38 +0200: Memory Usage (469008K) : exchange4_drw has 0 polygons
2025-09-09 15:29:38 +0200: Memory Usage (469008K) : exchange4_pin has 0 polygons
2025-09-09 15:29:38 +0200: Memory Usage (469008K) : exchange4_text has 0 polygons
2025-09-09 15:29:38 +0200: Memory Usage (469008K) : isonwell_drw has 0 polygons
2025-09-09 15:29:38 +0200: Memory Usage (469008K) : Total no. of polygons in the design is 4132317
2025-09-09 15:29:38 +0200: Memory Usage (469008K) : Loaded TECH DRC rules values from /home/herman/github/KrzysztofHerman/IHP-Open-PDK/ihp-sg13g2/libs.tech/klayout/python/sg13g2_pycell_lib/sg13g2_tech_mod.json
2025-09-09 15:29:38 +0200: Memory Usage (469008K) : Loaded default DRC rules values from /home/herman/github/KrzysztofHerman/IHP-Open-PDK/ihp-sg13g2/libs.tech/klayout/tech/drc/rule_decks/sg13g2_tech_default.json
2025-09-09 15:29:38 +0200: Memory Usage (470032K) : Total area of the design is 1440000.0 um^2.
2025-09-09 15:29:38 +0200: Memory Usage (470032K) : The design dimensions are 1200.0 µm * 1200.0 µm.
2025-09-09 15:29:38 +0200: Memory Usage (470032K) : Starting general IHP-SG13G2 derivations.
2025-09-09 15:29:38 +0200: Memory Usage (470032K) : Starting Pwell derivations
2025-09-09 15:29:38 +0200: Memory Usage (482676K) : Starting n-Activ derivations
2025-09-09 15:29:39 +0200: Memory Usage (495476K) : Starting p-Activ derivations
2025-09-09 15:29:39 +0200: Memory Usage (496500K) : Starting ptap derivations
2025-09-09 15:29:39 +0200: Memory Usage (496500K) : Starting ntap derivations
2025-09-09 15:29:39 +0200: Memory Usage (496500K) : Starting pact FET derivations
2025-09-09 15:29:40 +0200: Memory Usage (496500K) : Starting nact FET derivations
2025-09-09 15:29:40 +0200: Memory Usage (496500K) : Starting Gate derivations
2025-09-09 15:29:40 +0200: Memory Usage (496500K) : Starting IHP-SG13G2 DRC connectivity related derivations.
2025-09-09 15:29:41 +0200: Memory Usage (495920K) : Starting IHP-SG13G2 DRC connectivity setup
2025-09-09 15:29:50 +0200: Memory Usage (523784K) : Starting IHP-SG13G2 DRC rules.
2025-09-09 15:29:50 +0200: Memory Usage (523784K) : Running all FEOL rules
2025-09-09 15:29:50 +0200: Memory Usage (523784K) : Running all BEOL rules
2025-09-09 15:29:50 +0200: Memory Usage (523784K) : Starting 5.3 nBuLay table
2025-09-09 15:29:50 +0200: Memory Usage (531208K) : Executing rule NBL.b
2025-09-09 15:29:50 +0200: Memory Usage (531720K) : Executing rule NBL.c
2025-09-09 15:29:50 +0200: Memory Usage (531720K) : Executing rule NBL.d
2025-09-09 15:29:50 +0200: Memory Usage (531720K) : Executing rule NBL.e
2025-09-09 15:29:50 +0200: Memory Usage (531720K) : Executing rule NBL.f
2025-09-09 15:29:50 +0200: Memory Usage (531720K) : KLayout DRC run for table 'nbulay' completed in 14.94 seconds
